

Started GET "/" for ::1 at 2017-10-03 13:33:27 -0400

ActiveRecord::PendingMigrationError (

Migrations are pending. To resolve this issue, run:

	bin/rake db:migrate RAILS_ENV=development

):
  activerecord (4.2.5.1) lib/active_record/migration.rb:392:in `check_pending!'
  activerecord (4.2.5.1) lib/active_record/migration.rb:373:in `call'
  actionpack (4.2.5.1) lib/action_dispatch/middleware/callbacks.rb:29:in `block in call'
  activesupport (4.2.5.1) lib/active_support/callbacks.rb:88:in `__run_callbacks__'
  activesupport (4.2.5.1) lib/active_support/callbacks.rb:778:in `_run_call_callbacks'
  activesupport (4.2.5.1) lib/active_support/callbacks.rb:81:in `run_callbacks'
  actionpack (4.2.5.1) lib/action_dispatch/middleware/callbacks.rb:27:in `call'
  actionpack (4.2.5.1) lib/action_dispatch/middleware/reloader.rb:73:in `call'
  actionpack (4.2.5.1) lib/action_dispatch/middleware/remote_ip.rb:78:in `call'
  actionpack (4.2.5.1) lib/action_dispatch/middleware/debug_exceptions.rb:17:in `call'
  web-console (2.3.0) lib/web_console/middleware.rb:28:in `block in call'
  web-console (2.3.0) lib/web_console/middleware.rb:18:in `catch'
  web-console (2.3.0) lib/web_console/middleware.rb:18:in `call'
  actionpack (4.2.5.1) lib/action_dispatch/middleware/show_exceptions.rb:30:in `call'
  railties (4.2.5.1) lib/rails/rack/logger.rb:38:in `call_app'
  railties (4.2.5.1) lib/rails/rack/logger.rb:20:in `block in call'
  activesupport (4.2.5.1) lib/active_support/tagged_logging.rb:68:in `block in tagged'
  activesupport (4.2.5.1) lib/active_support/tagged_logging.rb:26:in `tagged'
  activesupport (4.2.5.1) lib/active_support/tagged_logging.rb:68:in `tagged'
  railties (4.2.5.1) lib/rails/rack/logger.rb:20:in `call'
  actionpack (4.2.5.1) lib/action_dispatch/middleware/request_id.rb:21:in `call'
  rack (1.6.4) lib/rack/methodoverride.rb:22:in `call'
  rack (1.6.4) lib/rack/runtime.rb:18:in `call'
  activesupport (4.2.5.1) lib/active_support/cache/strategy/local_cache_middleware.rb:28:in `call'
  rack (1.6.4) lib/rack/lock.rb:17:in `call'
  actionpack (4.2.5.1) lib/action_dispatch/middleware/static.rb:116:in `call'
  rack (1.6.4) lib/rack/sendfile.rb:113:in `call'
  railties (4.2.5.1) lib/rails/engine.rb:518:in `call'
  railties (4.2.5.1) lib/rails/application.rb:165:in `call'
  rack (1.6.4) lib/rack/lock.rb:17:in `call'
  rack (1.6.4) lib/rack/content_length.rb:15:in `call'
  rack (1.6.4) lib/rack/handler/webrick.rb:88:in `service'
  /Users/hyojeong/.rvm/rubies/ruby-2.3.0/lib/ruby/2.3.0/webrick/httpserver.rb:140:in `service'
  /Users/hyojeong/.rvm/rubies/ruby-2.3.0/lib/ruby/2.3.0/webrick/httpserver.rb:96:in `run'
  /Users/hyojeong/.rvm/rubies/ruby-2.3.0/lib/ruby/2.3.0/webrick/server.rb:296:in `block in start_thread'


  Rendered /Users/hyojeong/.rvm/gems/ruby-2.3.0/gems/actionpack-4.2.5.1/lib/action_dispatch/middleware/templates/rescues/_source.erb (6.4ms)
  Rendered /Users/hyojeong/.rvm/gems/ruby-2.3.0/gems/actionpack-4.2.5.1/lib/action_dispatch/middleware/templates/rescues/_trace.html.erb (2.3ms)
  Rendered /Users/hyojeong/.rvm/gems/ruby-2.3.0/gems/actionpack-4.2.5.1/lib/action_dispatch/middleware/templates/rescues/_request_and_response.html.erb (1.5ms)
  Rendered /Users/hyojeong/.rvm/gems/ruby-2.3.0/gems/actionpack-4.2.5.1/lib/action_dispatch/middleware/templates/rescues/diagnostics.html.erb within rescues/layout (105.6ms)
  Rendered /Users/hyojeong/.rvm/gems/ruby-2.3.0/gems/web-console-2.3.0/lib/web_console/templates/_markup.html.erb (0.5ms)
  Rendered /Users/hyojeong/.rvm/gems/ruby-2.3.0/gems/web-console-2.3.0/lib/web_console/templates/_inner_console_markup.html.erb within layouts/inlined_string (0.4ms)
  Rendered /Users/hyojeong/.rvm/gems/ruby-2.3.0/gems/web-console-2.3.0/lib/web_console/templates/_prompt_box_markup.html.erb within layouts/inlined_string (0.4ms)
  Rendered /Users/hyojeong/.rvm/gems/ruby-2.3.0/gems/web-console-2.3.0/lib/web_console/templates/style.css.erb within layouts/inlined_string (0.5ms)
  Rendered /Users/hyojeong/.rvm/gems/ruby-2.3.0/gems/web-console-2.3.0/lib/web_console/templates/console.js.erb within layouts/javascript (101.7ms)
  Rendered /Users/hyojeong/.rvm/gems/ruby-2.3.0/gems/web-console-2.3.0/lib/web_console/templates/main.js.erb within layouts/javascript (0.5ms)
  Rendered /Users/hyojeong/.rvm/gems/ruby-2.3.0/gems/web-console-2.3.0/lib/web_console/templates/error_page.js.erb within layouts/javascript (0.5ms)
  Rendered /Users/hyojeong/.rvm/gems/ruby-2.3.0/gems/web-console-2.3.0/lib/web_console/templates/index.html.erb (214.8ms)
  [1m[36m (1.5ms)[0m  [1mCREATE TABLE "schema_migrations" ("version" varchar NOT NULL) [0m
  [1m[35m (0.1ms)[0m  select sqlite_version(*)
  [1m[36m (1.2ms)[0m  [1mCREATE UNIQUE INDEX "unique_schema_migrations" ON "schema_migrations" ("version")[0m
  [1m[35mActiveRecord::SchemaMigration Load (0.1ms)[0m  SELECT "schema_migrations".* FROM "schema_migrations"
Migrating to CreateLists (20160310040747)
  [1m[36m (0.1ms)[0m  [1mbegin transaction[0m
  [1m[35m (0.6ms)[0m  CREATE TABLE "lists" ("id" INTEGER PRIMARY KEY AUTOINCREMENT NOT NULL, "name" varchar, "created_at" datetime NOT NULL, "updated_at" datetime NOT NULL) 
  [1m[36mSQL (0.5ms)[0m  [1mINSERT INTO "schema_migrations" ("version") VALUES (?)[0m  [["version", "20160310040747"]]
  [1m[35m (1.2ms)[0m  commit transaction
  [1m[36mActiveRecord::SchemaMigration Load (0.2ms)[0m  [1mSELECT "schema_migrations".* FROM "schema_migrations"[0m


Started GET "/" for ::1 at 2017-10-03 13:33:57 -0400
  [1m[36mActiveRecord::SchemaMigration Load (0.7ms)[0m  [1mSELECT "schema_migrations".* FROM "schema_migrations"[0m
Processing by ListsController#index as HTML
  [1m[35mList Load (0.5ms)[0m  SELECT "lists".* FROM "lists"
  Rendered lists/index.html.erb within layouts/application (21.2ms)
Completed 200 OK in 2104ms (Views: 2080.9ms | ActiveRecord: 1.1ms)


Started GET "/assets/todomvc-base.self-a66641f41d319c2f2f39ae06e193cc37c366ccc356a61c65c573a7c7452f384e.css?body=1" for ::1 at 2017-10-03 13:33:59 -0400


Started GET "/assets/application.self-e3aeec5fd5935b99828fb8f43ec8a1afd3aad7f84cc15ac5eafc65b5ad8ef866.css?body=1" for ::1 at 2017-10-03 13:33:59 -0400


Started GET "/assets/jquery.self-660adc51e0224b731d29f575a6f1ec167ba08ad06ed5deca4f1e8654c135bf4c.js?body=1" for ::1 at 2017-10-03 13:33:59 -0400


Started GET "/assets/jquery_ujs.self-e87806d0cf4489aeb1bb7288016024e8de67fd18db693fe026fe3907581e53cd.js?body=1" for ::1 at 2017-10-03 13:33:59 -0400


Started GET "/assets/application.self-3b8dabdc891efe46b9a144b400ad69e37d7e5876bdc39dee783419a69d7ca819.js?body=1" for ::1 at 2017-10-03 13:33:59 -0400


Started GET "/assets/turbolinks.self-c37727e9bd6b2735da5c311aa83fead54ed0be6cc8bd9a65309e9c5abe2cbfff.js?body=1" for ::1 at 2017-10-03 13:33:59 -0400


Started GET "/assets/lists.self-877aef30ae1b040ab8a3aba4e3e309a11d7f2612f44dde450b5c157aa5f95c05.js?body=1" for ::1 at 2017-10-03 13:33:59 -0400


Started POST "/lists" for ::1 at 2017-10-03 14:30:02 -0400
Processing by ListsController#create as HTML
  Parameters: {"utf8"=>"✓", "authenticity_token"=>"os+tfd3JSzDqnYbTtSQbkwqzasxaryfKcCCzHyWNjUlc1ewT8JOKy/nFWxxs55hsESxwo21UxVo6bSkdDeSmMg==", "list"=>{"name"=>"After I press Enter I should be on this list"}, "commit"=>"Create List"}
  [1m[36m (0.3ms)[0m  [1mbegin transaction[0m
  [1m[35mSQL (2.2ms)[0m  INSERT INTO "lists" ("name", "created_at", "updated_at") VALUES (?, ?, ?)  [["name", "After I press Enter I should be on this list"], ["created_at", "2017-10-03 18:30:02.954872"], ["updated_at", "2017-10-03 18:30:02.954872"]]
  [1m[36m (1.2ms)[0m  [1mcommit transaction[0m
Redirected to http://localhost:3000/lists/1
Completed 302 Found in 61ms (ActiveRecord: 4.9ms)


Started GET "/lists/1" for ::1 at 2017-10-03 14:30:03 -0400
Processing by ListsController#show as HTML
  Parameters: {"id"=>"1"}
  [1m[35mList Load (0.4ms)[0m  SELECT  "lists".* FROM "lists" WHERE "lists"."id" = ? LIMIT 1  [["id", 1]]
  Rendered lists/show.html.erb within layouts/application (1.8ms)
Completed 200 OK in 57ms (Views: 41.9ms | ActiveRecord: 0.4ms)


Started POST "/lists" for ::1 at 2017-10-03 14:38:03 -0400
Processing by ListsController#create as HTML
  Parameters: {"utf8"=>"✓", "authenticity_token"=>"os+tfd3JSzDqnYbTtSQbkwqzasxaryfKcCCzHyWNjUlc1ewT8JOKy/nFWxxs55hsESxwo21UxVo6bSkdDeSmMg==", "list"=>{"name"=>"After I press Enter I should be on this list"}, "commit"=>"Create List"}
  [1m[36m (0.2ms)[0m  [1mbegin transaction[0m
  [1m[35mSQL (1.3ms)[0m  INSERT INTO "lists" ("name", "created_at", "updated_at") VALUES (?, ?, ?)  [["name", "After I press Enter I should be on this list"], ["created_at", "2017-10-03 18:38:03.178254"], ["updated_at", "2017-10-03 18:38:03.178254"]]
  [1m[36m (1.1ms)[0m  [1mcommit transaction[0m
Redirected to http://localhost:3000/lists/2
Completed 302 Found in 35ms (ActiveRecord: 3.8ms)


Started GET "/lists/2" for ::1 at 2017-10-03 14:38:03 -0400
Processing by ListsController#show as HTML
  Parameters: {"id"=>"2"}
  [1m[35mList Load (0.6ms)[0m  SELECT  "lists".* FROM "lists" WHERE "lists"."id" = ? LIMIT 1  [["id", 2]]
  Rendered lists/show.html.erb within layouts/application (0.4ms)
Completed 200 OK in 59ms (Views: 51.8ms | ActiveRecord: 0.6ms)


Started POST "/lists" for ::1 at 2017-10-03 14:43:20 -0400
Processing by ListsController#create as HTML
  Parameters: {"utf8"=>"✓", "authenticity_token"=>"os+tfd3JSzDqnYbTtSQbkwqzasxaryfKcCCzHyWNjUlc1ewT8JOKy/nFWxxs55hsESxwo21UxVo6bSkdDeSmMg==", "list"=>{"name"=>"New List"}, "commit"=>"Create List"}
  [1m[36m (2.0ms)[0m  [1mbegin transaction[0m
  [1m[35mSQL (3.5ms)[0m  INSERT INTO "lists" ("name", "created_at", "updated_at") VALUES (?, ?, ?)  [["name", "New List"], ["created_at", "2017-10-03 18:43:20.783719"], ["updated_at", "2017-10-03 18:43:20.783719"]]
  [1m[36m (1.5ms)[0m  [1mcommit transaction[0m
Redirected to http://localhost:3000/lists/3
Completed 302 Found in 47ms (ActiveRecord: 6.9ms)


Started GET "/lists/3" for ::1 at 2017-10-03 14:43:20 -0400
Processing by ListsController#show as HTML
  Parameters: {"id"=>"3"}
  [1m[35mList Load (0.2ms)[0m  SELECT  "lists".* FROM "lists" WHERE "lists"."id" = ? LIMIT 1  [["id", 3]]
  Rendered lists/show.html.erb within layouts/application (0.8ms)
Completed 200 OK in 66ms (Views: 62.1ms | ActiveRecord: 0.2ms)


Started GET "/lists" for ::1 at 2017-10-03 14:43:28 -0400
Processing by ListsController#index as HTML
  [1m[36mList Load (0.3ms)[0m  [1mSELECT "lists".* FROM "lists"[0m
  Rendered lists/index.html.erb within layouts/application (21.1ms)
Completed 200 OK in 76ms (Views: 73.8ms | ActiveRecord: 0.3ms)


Started POST "/lists" for ::1 at 2017-10-03 14:43:36 -0400
Processing by ListsController#create as HTML
  Parameters: {"utf8"=>"✓", "authenticity_token"=>"MN5fmYLhwSASHrZSI2X+sU+K3ofb/mJmnKKEGemuHjPOxB73r7sA2wFGa536pn1OVBXE6OwFgPbW7x4bwcc1SA==", "list"=>{"name"=>"Here's One More"}, "commit"=>"Create List"}
  [1m[35m (0.1ms)[0m  begin transaction
  [1m[36mSQL (0.4ms)[0m  [1mINSERT INTO "lists" ("name", "created_at", "updated_at") VALUES (?, ?, ?)[0m  [["name", "Here's One More"], ["created_at", "2017-10-03 18:43:36.950387"], ["updated_at", "2017-10-03 18:43:36.950387"]]
  [1m[35m (1.0ms)[0m  commit transaction
Redirected to http://localhost:3000/lists/4
Completed 302 Found in 8ms (ActiveRecord: 1.5ms)


Started GET "/lists/4" for ::1 at 2017-10-03 14:43:36 -0400
Processing by ListsController#show as HTML
  Parameters: {"id"=>"4"}
  [1m[36mList Load (0.3ms)[0m  [1mSELECT  "lists".* FROM "lists" WHERE "lists"."id" = ? LIMIT 1[0m  [["id", 4]]
  Rendered lists/show.html.erb within layouts/application (0.2ms)
Completed 200 OK in 47ms (Views: 44.3ms | ActiveRecord: 0.3ms)


Started GET "/lists" for ::1 at 2017-10-03 14:43:40 -0400
Processing by ListsController#index as HTML
  [1m[35mList Load (0.5ms)[0m  SELECT "lists".* FROM "lists"
  Rendered lists/index.html.erb within layouts/application (4.8ms)
Completed 200 OK in 45ms (Views: 42.1ms | ActiveRecord: 0.5ms)
  [1m[36mActiveRecord::SchemaMigration Load (0.8ms)[0m  [1mSELECT "schema_migrations".* FROM "schema_migrations"[0m
Migrating to CreateItems (20171003185831)
  [1m[35m (0.1ms)[0m  begin transaction
  [1m[36m (0.6ms)[0m  [1mCREATE TABLE "items" ("id" INTEGER PRIMARY KEY AUTOINCREMENT NOT NULL, "description" varchar, "list_id" integer, "created_at" datetime NOT NULL, "updated_at" datetime NOT NULL) [0m
  [1m[35mSQL (0.3ms)[0m  INSERT INTO "schema_migrations" ("version") VALUES (?)  [["version", "20171003185831"]]
  [1m[36m (1.3ms)[0m  [1mcommit transaction[0m
  [1m[35mActiveRecord::SchemaMigration Load (0.1ms)[0m  SELECT "schema_migrations".* FROM "schema_migrations"
  [1m[36m (0.1ms)[0m  [1mbegin transaction[0m
  [1m[35mSQL (1.2ms)[0m  INSERT INTO "items" ("created_at", "updated_at") VALUES (?, ?)  [["created_at", "2017-10-03 19:03:38.903941"], ["updated_at", "2017-10-03 19:03:38.903941"]]
  [1m[36m (1.9ms)[0m  [1mcommit transaction[0m
  [1m[36mList Load (2.1ms)[0m  [1mSELECT "lists".* FROM "lists"[0m
  [1m[35mList Load (0.4ms)[0m  SELECT  "lists".* FROM "lists" WHERE "lists"."id" = ? LIMIT 1  [["id", 3]]
  [1m[36mItem Load (0.2ms)[0m  [1mSELECT "items".* FROM "items"[0m
  [1m[35m (0.2ms)[0m  begin transaction
  [1m[36mSQL (0.6ms)[0m  [1mINSERT INTO "items" ("created_at", "updated_at") VALUES (?, ?)[0m  [["created_at", "2017-10-03 19:05:24.547158"], ["updated_at", "2017-10-03 19:05:24.547158"]]
  [1m[35m (1.4ms)[0m  commit transaction
  [1m[36m (0.1ms)[0m  [1mbegin transaction[0m
  [1m[35mSQL (0.6ms)[0m  UPDATE "items" SET "list_id" = ?, "updated_at" = ? WHERE "items"."id" = ?  [["list_id", 3], ["updated_at", "2017-10-03 19:06:11.887503"], ["id", 2]]
  [1m[36m (1.0ms)[0m  [1mcommit transaction[0m
  [1m[35mList Load (0.2ms)[0m  SELECT  "lists".* FROM "lists" WHERE "lists"."id" = ? LIMIT 1  [["id", 3]]
  [1m[36mList Load (0.7ms)[0m  [1mSELECT  "lists".* FROM "lists" WHERE "lists"."id" = ? LIMIT 1[0m  [["id", 2]]
  [1m[35mItem Load (0.9ms)[0m  SELECT "items".* FROM "items" WHERE "items"."list_id" = ?  [["list_id", 2]]


Started GET "/lists/3" for ::1 at 2017-10-03 15:40:43 -0400
  [1m[36mActiveRecord::SchemaMigration Load (0.7ms)[0m  [1mSELECT "schema_migrations".* FROM "schema_migrations"[0m
Processing by ListsController#show as HTML
  Parameters: {"id"=>"3"}
  [1m[35mList Load (0.7ms)[0m  SELECT  "lists".* FROM "lists" WHERE "lists"."id" = ? LIMIT 1  [["id", 3]]
  Rendered lists/show.html.erb within layouts/application (1.9ms)
Completed 500 Internal Server Error in 94ms (ActiveRecord: 1.5ms)

SyntaxError (/Users/hyojeong/Development/code/todo-mvc-lv/app/views/lists/show.html.erb:40: syntax error, unexpected keyword_ensure, expecting keyword_end
/Users/hyojeong/Development/code/todo-mvc-lv/app/views/lists/show.html.erb:42: syntax error, unexpected end-of-input, expecting keyword_end):
  app/views/lists/show.html.erb:40: syntax error, unexpected keyword_ensure, expecting keyword_end
  app/views/lists/show.html.erb:42: syntax error, unexpected end-of-input, expecting keyword_end


  Rendered /Users/hyojeong/.rvm/gems/ruby-2.3.0/gems/actionpack-4.2.5.1/lib/action_dispatch/middleware/templates/rescues/_source.erb (8.4ms)
  Rendered /Users/hyojeong/.rvm/gems/ruby-2.3.0/gems/actionpack-4.2.5.1/lib/action_dispatch/middleware/templates/rescues/_trace.html.erb (4.2ms)
  Rendered /Users/hyojeong/.rvm/gems/ruby-2.3.0/gems/actionpack-4.2.5.1/lib/action_dispatch/middleware/templates/rescues/_request_and_response.html.erb (1.3ms)
  Rendered /Users/hyojeong/.rvm/gems/ruby-2.3.0/gems/actionpack-4.2.5.1/lib/action_dispatch/middleware/templates/rescues/diagnostics.html.erb within rescues/layout (97.2ms)
  Rendered /Users/hyojeong/.rvm/gems/ruby-2.3.0/gems/web-console-2.3.0/lib/web_console/templates/_markup.html.erb (0.5ms)
  Rendered /Users/hyojeong/.rvm/gems/ruby-2.3.0/gems/web-console-2.3.0/lib/web_console/templates/_inner_console_markup.html.erb within layouts/inlined_string (0.4ms)
  Rendered /Users/hyojeong/.rvm/gems/ruby-2.3.0/gems/web-console-2.3.0/lib/web_console/templates/_prompt_box_markup.html.erb within layouts/inlined_string (0.4ms)
  Rendered /Users/hyojeong/.rvm/gems/ruby-2.3.0/gems/web-console-2.3.0/lib/web_console/templates/style.css.erb within layouts/inlined_string (0.4ms)
  Rendered /Users/hyojeong/.rvm/gems/ruby-2.3.0/gems/web-console-2.3.0/lib/web_console/templates/console.js.erb within layouts/javascript (89.4ms)
  Rendered /Users/hyojeong/.rvm/gems/ruby-2.3.0/gems/web-console-2.3.0/lib/web_console/templates/main.js.erb within layouts/javascript (0.4ms)
  Rendered /Users/hyojeong/.rvm/gems/ruby-2.3.0/gems/web-console-2.3.0/lib/web_console/templates/error_page.js.erb within layouts/javascript (0.6ms)
  Rendered /Users/hyojeong/.rvm/gems/ruby-2.3.0/gems/web-console-2.3.0/lib/web_console/templates/index.html.erb (208.7ms)


Started GET "/lists/3" for ::1 at 2017-10-03 15:40:44 -0400
Processing by ListsController#show as HTML
  Parameters: {"id"=>"3"}
  [1m[36mList Load (0.1ms)[0m  [1mSELECT  "lists".* FROM "lists" WHERE "lists"."id" = ? LIMIT 1[0m  [["id", 3]]
  Rendered lists/show.html.erb within layouts/application (1.4ms)
Completed 500 Internal Server Error in 9ms (ActiveRecord: 0.1ms)

SyntaxError (/Users/hyojeong/Development/code/todo-mvc-lv/app/views/lists/show.html.erb:40: syntax error, unexpected keyword_ensure, expecting keyword_end
/Users/hyojeong/Development/code/todo-mvc-lv/app/views/lists/show.html.erb:42: syntax error, unexpected end-of-input, expecting keyword_end):
  app/views/lists/show.html.erb:40: syntax error, unexpected keyword_ensure, expecting keyword_end
  app/views/lists/show.html.erb:42: syntax error, unexpected end-of-input, expecting keyword_end


  Rendered /Users/hyojeong/.rvm/gems/ruby-2.3.0/gems/actionpack-4.2.5.1/lib/action_dispatch/middleware/templates/rescues/_source.erb (8.2ms)
  Rendered /Users/hyojeong/.rvm/gems/ruby-2.3.0/gems/actionpack-4.2.5.1/lib/action_dispatch/middleware/templates/rescues/_trace.html.erb (4.1ms)
  Rendered /Users/hyojeong/.rvm/gems/ruby-2.3.0/gems/actionpack-4.2.5.1/lib/action_dispatch/middleware/templates/rescues/_request_and_response.html.erb (1.0ms)
  Rendered /Users/hyojeong/.rvm/gems/ruby-2.3.0/gems/actionpack-4.2.5.1/lib/action_dispatch/middleware/templates/rescues/diagnostics.html.erb within rescues/layout (100.9ms)
  Rendered /Users/hyojeong/.rvm/gems/ruby-2.3.0/gems/web-console-2.3.0/lib/web_console/templates/_markup.html.erb (0.4ms)
  Rendered /Users/hyojeong/.rvm/gems/ruby-2.3.0/gems/web-console-2.3.0/lib/web_console/templates/_inner_console_markup.html.erb within layouts/inlined_string (0.7ms)
  Rendered /Users/hyojeong/.rvm/gems/ruby-2.3.0/gems/web-console-2.3.0/lib/web_console/templates/_prompt_box_markup.html.erb within layouts/inlined_string (0.4ms)
  Rendered /Users/hyojeong/.rvm/gems/ruby-2.3.0/gems/web-console-2.3.0/lib/web_console/templates/style.css.erb within layouts/inlined_string (0.5ms)
  Rendered /Users/hyojeong/.rvm/gems/ruby-2.3.0/gems/web-console-2.3.0/lib/web_console/templates/console.js.erb within layouts/javascript (88.5ms)
  Rendered /Users/hyojeong/.rvm/gems/ruby-2.3.0/gems/web-console-2.3.0/lib/web_console/templates/main.js.erb within layouts/javascript (1.0ms)
  Rendered /Users/hyojeong/.rvm/gems/ruby-2.3.0/gems/web-console-2.3.0/lib/web_console/templates/error_page.js.erb within layouts/javascript (0.7ms)
  Rendered /Users/hyojeong/.rvm/gems/ruby-2.3.0/gems/web-console-2.3.0/lib/web_console/templates/index.html.erb (200.3ms)


Started GET "/lists/3" for ::1 at 2017-10-03 15:43:47 -0400
Processing by ListsController#show as HTML
  Parameters: {"id"=>"3"}
  [1m[35mList Load (1.0ms)[0m  SELECT  "lists".* FROM "lists" WHERE "lists"."id" = ? LIMIT 1  [["id", 3]]
  Rendered lists/show.html.erb within layouts/application (8.7ms)
Completed 500 Internal Server Error in 52ms (ActiveRecord: 1.0ms)

SyntaxError (/Users/hyojeong/Development/code/todo-mvc-lv/app/views/lists/show.html.erb:45: syntax error, unexpected keyword_ensure, expecting keyword_end
/Users/hyojeong/Development/code/todo-mvc-lv/app/views/lists/show.html.erb:47: syntax error, unexpected end-of-input, expecting keyword_end):
  app/views/lists/show.html.erb:45: syntax error, unexpected keyword_ensure, expecting keyword_end
  app/views/lists/show.html.erb:47: syntax error, unexpected end-of-input, expecting keyword_end


  Rendered /Users/hyojeong/.rvm/gems/ruby-2.3.0/gems/actionpack-4.2.5.1/lib/action_dispatch/middleware/templates/rescues/_source.erb (12.4ms)
  Rendered /Users/hyojeong/.rvm/gems/ruby-2.3.0/gems/actionpack-4.2.5.1/lib/action_dispatch/middleware/templates/rescues/_trace.html.erb (4.4ms)
  Rendered /Users/hyojeong/.rvm/gems/ruby-2.3.0/gems/actionpack-4.2.5.1/lib/action_dispatch/middleware/templates/rescues/_request_and_response.html.erb (1.7ms)
  Rendered /Users/hyojeong/.rvm/gems/ruby-2.3.0/gems/actionpack-4.2.5.1/lib/action_dispatch/middleware/templates/rescues/diagnostics.html.erb within rescues/layout (102.9ms)
  Rendered /Users/hyojeong/.rvm/gems/ruby-2.3.0/gems/web-console-2.3.0/lib/web_console/templates/_markup.html.erb (0.7ms)
  Rendered /Users/hyojeong/.rvm/gems/ruby-2.3.0/gems/web-console-2.3.0/lib/web_console/templates/_inner_console_markup.html.erb within layouts/inlined_string (0.9ms)
  Rendered /Users/hyojeong/.rvm/gems/ruby-2.3.0/gems/web-console-2.3.0/lib/web_console/templates/_prompt_box_markup.html.erb within layouts/inlined_string (0.4ms)
  Rendered /Users/hyojeong/.rvm/gems/ruby-2.3.0/gems/web-console-2.3.0/lib/web_console/templates/style.css.erb within layouts/inlined_string (0.6ms)
  Rendered /Users/hyojeong/.rvm/gems/ruby-2.3.0/gems/web-console-2.3.0/lib/web_console/templates/console.js.erb within layouts/javascript (84.0ms)
  Rendered /Users/hyojeong/.rvm/gems/ruby-2.3.0/gems/web-console-2.3.0/lib/web_console/templates/main.js.erb within layouts/javascript (0.7ms)
  Rendered /Users/hyojeong/.rvm/gems/ruby-2.3.0/gems/web-console-2.3.0/lib/web_console/templates/error_page.js.erb within layouts/javascript (1.2ms)
  Rendered /Users/hyojeong/.rvm/gems/ruby-2.3.0/gems/web-console-2.3.0/lib/web_console/templates/index.html.erb (191.2ms)


Started GET "/lists" for ::1 at 2017-10-03 15:44:08 -0400
  [1m[36mActiveRecord::SchemaMigration Load (0.7ms)[0m  [1mSELECT "schema_migrations".* FROM "schema_migrations"[0m
Processing by ListsController#index as HTML
  [1m[35mList Load (0.6ms)[0m  SELECT "lists".* FROM "lists"
  Rendered lists/index.html.erb within layouts/application (24.1ms)
Completed 200 OK in 559ms (Views: 531.4ms | ActiveRecord: 1.3ms)


Started GET "/assets/items.self-877aef30ae1b040ab8a3aba4e3e309a11d7f2612f44dde450b5c157aa5f95c05.js?body=1" for ::1 at 2017-10-03 15:44:09 -0400


Started GET "/lists/3" for ::1 at 2017-10-03 15:44:11 -0400
Processing by ListsController#show as HTML
  Parameters: {"id"=>"3"}
  [1m[36mList Load (0.3ms)[0m  [1mSELECT  "lists".* FROM "lists" WHERE "lists"."id" = ? LIMIT 1[0m  [["id", 3]]
  Rendered lists/show.html.erb within layouts/application (2.4ms)
Completed 500 Internal Server Error in 88ms (ActiveRecord: 0.9ms)

SyntaxError (/Users/hyojeong/Development/code/todo-mvc-lv/app/views/lists/show.html.erb:45: syntax error, unexpected keyword_ensure, expecting keyword_end
/Users/hyojeong/Development/code/todo-mvc-lv/app/views/lists/show.html.erb:47: syntax error, unexpected end-of-input, expecting keyword_end):
  app/views/lists/show.html.erb:45: syntax error, unexpected keyword_ensure, expecting keyword_end
  app/views/lists/show.html.erb:47: syntax error, unexpected end-of-input, expecting keyword_end


  Rendered /Users/hyojeong/.rvm/gems/ruby-2.3.0/gems/actionpack-4.2.5.1/lib/action_dispatch/middleware/templates/rescues/_source.erb (13.1ms)
  Rendered /Users/hyojeong/.rvm/gems/ruby-2.3.0/gems/actionpack-4.2.5.1/lib/action_dispatch/middleware/templates/rescues/_trace.html.erb (3.7ms)
  Rendered /Users/hyojeong/.rvm/gems/ruby-2.3.0/gems/actionpack-4.2.5.1/lib/action_dispatch/middleware/templates/rescues/_request_and_response.html.erb (1.1ms)
  Rendered /Users/hyojeong/.rvm/gems/ruby-2.3.0/gems/actionpack-4.2.5.1/lib/action_dispatch/middleware/templates/rescues/diagnostics.html.erb within rescues/layout (100.3ms)
  Rendered /Users/hyojeong/.rvm/gems/ruby-2.3.0/gems/web-console-2.3.0/lib/web_console/templates/_markup.html.erb (0.5ms)
  Rendered /Users/hyojeong/.rvm/gems/ruby-2.3.0/gems/web-console-2.3.0/lib/web_console/templates/_inner_console_markup.html.erb within layouts/inlined_string (0.4ms)
  Rendered /Users/hyojeong/.rvm/gems/ruby-2.3.0/gems/web-console-2.3.0/lib/web_console/templates/_prompt_box_markup.html.erb within layouts/inlined_string (0.4ms)
  Rendered /Users/hyojeong/.rvm/gems/ruby-2.3.0/gems/web-console-2.3.0/lib/web_console/templates/style.css.erb within layouts/inlined_string (0.5ms)
  Rendered /Users/hyojeong/.rvm/gems/ruby-2.3.0/gems/web-console-2.3.0/lib/web_console/templates/console.js.erb within layouts/javascript (82.5ms)
  Rendered /Users/hyojeong/.rvm/gems/ruby-2.3.0/gems/web-console-2.3.0/lib/web_console/templates/main.js.erb within layouts/javascript (0.4ms)
  Rendered /Users/hyojeong/.rvm/gems/ruby-2.3.0/gems/web-console-2.3.0/lib/web_console/templates/error_page.js.erb within layouts/javascript (0.7ms)
  Rendered /Users/hyojeong/.rvm/gems/ruby-2.3.0/gems/web-console-2.3.0/lib/web_console/templates/index.html.erb (192.8ms)


Started GET "/lists/3" for ::1 at 2017-10-03 15:44:12 -0400
Processing by ListsController#show as HTML
  Parameters: {"id"=>"3"}
  [1m[35mList Load (0.3ms)[0m  SELECT  "lists".* FROM "lists" WHERE "lists"."id" = ? LIMIT 1  [["id", 3]]
  Rendered lists/show.html.erb within layouts/application (3.1ms)
Completed 500 Internal Server Error in 18ms (ActiveRecord: 0.3ms)

SyntaxError (/Users/hyojeong/Development/code/todo-mvc-lv/app/views/lists/show.html.erb:45: syntax error, unexpected keyword_ensure, expecting keyword_end
/Users/hyojeong/Development/code/todo-mvc-lv/app/views/lists/show.html.erb:47: syntax error, unexpected end-of-input, expecting keyword_end):
  app/views/lists/show.html.erb:45: syntax error, unexpected keyword_ensure, expecting keyword_end
  app/views/lists/show.html.erb:47: syntax error, unexpected end-of-input, expecting keyword_end


  Rendered /Users/hyojeong/.rvm/gems/ruby-2.3.0/gems/actionpack-4.2.5.1/lib/action_dispatch/middleware/templates/rescues/_source.erb (8.9ms)
  Rendered /Users/hyojeong/.rvm/gems/ruby-2.3.0/gems/actionpack-4.2.5.1/lib/action_dispatch/middleware/templates/rescues/_trace.html.erb (4.8ms)
  Rendered /Users/hyojeong/.rvm/gems/ruby-2.3.0/gems/actionpack-4.2.5.1/lib/action_dispatch/middleware/templates/rescues/_request_and_response.html.erb (1.0ms)
  Rendered /Users/hyojeong/.rvm/gems/ruby-2.3.0/gems/actionpack-4.2.5.1/lib/action_dispatch/middleware/templates/rescues/diagnostics.html.erb within rescues/layout (100.6ms)
  Rendered /Users/hyojeong/.rvm/gems/ruby-2.3.0/gems/web-console-2.3.0/lib/web_console/templates/_markup.html.erb (0.6ms)
  Rendered /Users/hyojeong/.rvm/gems/ruby-2.3.0/gems/web-console-2.3.0/lib/web_console/templates/_inner_console_markup.html.erb within layouts/inlined_string (0.5ms)
  Rendered /Users/hyojeong/.rvm/gems/ruby-2.3.0/gems/web-console-2.3.0/lib/web_console/templates/_prompt_box_markup.html.erb within layouts/inlined_string (0.3ms)
  Rendered /Users/hyojeong/.rvm/gems/ruby-2.3.0/gems/web-console-2.3.0/lib/web_console/templates/style.css.erb within layouts/inlined_string (0.5ms)
  Rendered /Users/hyojeong/.rvm/gems/ruby-2.3.0/gems/web-console-2.3.0/lib/web_console/templates/console.js.erb within layouts/javascript (81.3ms)
  Rendered /Users/hyojeong/.rvm/gems/ruby-2.3.0/gems/web-console-2.3.0/lib/web_console/templates/main.js.erb within layouts/javascript (0.4ms)
  Rendered /Users/hyojeong/.rvm/gems/ruby-2.3.0/gems/web-console-2.3.0/lib/web_console/templates/error_page.js.erb within layouts/javascript (0.6ms)
  Rendered /Users/hyojeong/.rvm/gems/ruby-2.3.0/gems/web-console-2.3.0/lib/web_console/templates/index.html.erb (191.6ms)


Started GET "/" for ::1 at 2017-10-03 15:46:33 -0400
  [1m[36mActiveRecord::SchemaMigration Load (0.6ms)[0m  [1mSELECT "schema_migrations".* FROM "schema_migrations"[0m
Processing by ListsController#index as HTML
  [1m[35mList Load (0.6ms)[0m  SELECT "lists".* FROM "lists"
  Rendered lists/index.html.erb within layouts/application (24.5ms)
Completed 200 OK in 383ms (Views: 357.1ms | ActiveRecord: 1.1ms)


Started GET "/lists/3" for ::1 at 2017-10-03 15:46:36 -0400
Processing by ListsController#show as HTML
  Parameters: {"id"=>"3"}
  [1m[36mList Load (0.4ms)[0m  [1mSELECT  "lists".* FROM "lists" WHERE "lists"."id" = ? LIMIT 1[0m  [["id", 3]]
  Rendered lists/show.html.erb within layouts/application (1.6ms)
Completed 500 Internal Server Error in 68ms (ActiveRecord: 0.9ms)

SyntaxError (/Users/hyojeong/Development/code/todo-mvc-lv/app/views/lists/show.html.erb:44: syntax error, unexpected keyword_ensure, expecting keyword_end
/Users/hyojeong/Development/code/todo-mvc-lv/app/views/lists/show.html.erb:46: syntax error, unexpected end-of-input, expecting keyword_end):
  app/views/lists/show.html.erb:44: syntax error, unexpected keyword_ensure, expecting keyword_end
  app/views/lists/show.html.erb:46: syntax error, unexpected end-of-input, expecting keyword_end


  Rendered /Users/hyojeong/.rvm/gems/ruby-2.3.0/gems/actionpack-4.2.5.1/lib/action_dispatch/middleware/templates/rescues/_source.erb (9.1ms)
  Rendered /Users/hyojeong/.rvm/gems/ruby-2.3.0/gems/actionpack-4.2.5.1/lib/action_dispatch/middleware/templates/rescues/_trace.html.erb (3.3ms)
  Rendered /Users/hyojeong/.rvm/gems/ruby-2.3.0/gems/actionpack-4.2.5.1/lib/action_dispatch/middleware/templates/rescues/_request_and_response.html.erb (1.0ms)
  Rendered /Users/hyojeong/.rvm/gems/ruby-2.3.0/gems/actionpack-4.2.5.1/lib/action_dispatch/middleware/templates/rescues/diagnostics.html.erb within rescues/layout (108.1ms)
  Rendered /Users/hyojeong/.rvm/gems/ruby-2.3.0/gems/web-console-2.3.0/lib/web_console/templates/_markup.html.erb (0.5ms)
  Rendered /Users/hyojeong/.rvm/gems/ruby-2.3.0/gems/web-console-2.3.0/lib/web_console/templates/_inner_console_markup.html.erb within layouts/inlined_string (1.0ms)
  Rendered /Users/hyojeong/.rvm/gems/ruby-2.3.0/gems/web-console-2.3.0/lib/web_console/templates/_prompt_box_markup.html.erb within layouts/inlined_string (0.4ms)
  Rendered /Users/hyojeong/.rvm/gems/ruby-2.3.0/gems/web-console-2.3.0/lib/web_console/templates/style.css.erb within layouts/inlined_string (0.7ms)
  Rendered /Users/hyojeong/.rvm/gems/ruby-2.3.0/gems/web-console-2.3.0/lib/web_console/templates/console.js.erb within layouts/javascript (89.9ms)
  Rendered /Users/hyojeong/.rvm/gems/ruby-2.3.0/gems/web-console-2.3.0/lib/web_console/templates/main.js.erb within layouts/javascript (0.7ms)
  Rendered /Users/hyojeong/.rvm/gems/ruby-2.3.0/gems/web-console-2.3.0/lib/web_console/templates/error_page.js.erb within layouts/javascript (0.6ms)
  Rendered /Users/hyojeong/.rvm/gems/ruby-2.3.0/gems/web-console-2.3.0/lib/web_console/templates/index.html.erb (205.2ms)


Started GET "/lists/3" for ::1 at 2017-10-03 15:46:37 -0400
Processing by ListsController#show as HTML
  Parameters: {"id"=>"3"}
  [1m[35mList Load (0.2ms)[0m  SELECT  "lists".* FROM "lists" WHERE "lists"."id" = ? LIMIT 1  [["id", 3]]
  Rendered lists/show.html.erb within layouts/application (1.4ms)
Completed 500 Internal Server Error in 12ms (ActiveRecord: 0.2ms)

SyntaxError (/Users/hyojeong/Development/code/todo-mvc-lv/app/views/lists/show.html.erb:44: syntax error, unexpected keyword_ensure, expecting keyword_end
/Users/hyojeong/Development/code/todo-mvc-lv/app/views/lists/show.html.erb:46: syntax error, unexpected end-of-input, expecting keyword_end):
  app/views/lists/show.html.erb:44: syntax error, unexpected keyword_ensure, expecting keyword_end
  app/views/lists/show.html.erb:46: syntax error, unexpected end-of-input, expecting keyword_end


  Rendered /Users/hyojeong/.rvm/gems/ruby-2.3.0/gems/actionpack-4.2.5.1/lib/action_dispatch/middleware/templates/rescues/_source.erb (19.2ms)
  Rendered /Users/hyojeong/.rvm/gems/ruby-2.3.0/gems/actionpack-4.2.5.1/lib/action_dispatch/middleware/templates/rescues/_trace.html.erb (3.6ms)
  Rendered /Users/hyojeong/.rvm/gems/ruby-2.3.0/gems/actionpack-4.2.5.1/lib/action_dispatch/middleware/templates/rescues/_request_and_response.html.erb (1.2ms)
  Rendered /Users/hyojeong/.rvm/gems/ruby-2.3.0/gems/actionpack-4.2.5.1/lib/action_dispatch/middleware/templates/rescues/diagnostics.html.erb within rescues/layout (103.9ms)
  Rendered /Users/hyojeong/.rvm/gems/ruby-2.3.0/gems/web-console-2.3.0/lib/web_console/templates/_markup.html.erb (0.8ms)
  Rendered /Users/hyojeong/.rvm/gems/ruby-2.3.0/gems/web-console-2.3.0/lib/web_console/templates/_inner_console_markup.html.erb within layouts/inlined_string (0.5ms)
  Rendered /Users/hyojeong/.rvm/gems/ruby-2.3.0/gems/web-console-2.3.0/lib/web_console/templates/_prompt_box_markup.html.erb within layouts/inlined_string (0.3ms)
  Rendered /Users/hyojeong/.rvm/gems/ruby-2.3.0/gems/web-console-2.3.0/lib/web_console/templates/style.css.erb within layouts/inlined_string (0.7ms)
  Rendered /Users/hyojeong/.rvm/gems/ruby-2.3.0/gems/web-console-2.3.0/lib/web_console/templates/console.js.erb within layouts/javascript (77.0ms)
  Rendered /Users/hyojeong/.rvm/gems/ruby-2.3.0/gems/web-console-2.3.0/lib/web_console/templates/main.js.erb within layouts/javascript (0.5ms)
  Rendered /Users/hyojeong/.rvm/gems/ruby-2.3.0/gems/web-console-2.3.0/lib/web_console/templates/error_page.js.erb within layouts/javascript (0.6ms)
  Rendered /Users/hyojeong/.rvm/gems/ruby-2.3.0/gems/web-console-2.3.0/lib/web_console/templates/index.html.erb (177.6ms)


Started GET "/lists/3" for ::1 at 2017-10-03 15:49:40 -0400
Processing by ListsController#show as HTML
  Parameters: {"id"=>"3"}
  [1m[36mList Load (0.2ms)[0m  [1mSELECT  "lists".* FROM "lists" WHERE "lists"."id" = ? LIMIT 1[0m  [["id", 3]]
  [1m[35mItem Load (0.7ms)[0m  SELECT "items".* FROM "items" WHERE "items"."list_id" = ?  [["list_id", 3]]
  Rendered lists/show.html.erb within layouts/application (36.7ms)
Completed 200 OK in 106ms (Views: 99.7ms | ActiveRecord: 0.9ms)


Started GET "/lists/3" for ::1 at 2017-10-03 15:51:39 -0400
Processing by ListsController#show as HTML
  Parameters: {"id"=>"3"}
  [1m[36mList Load (0.2ms)[0m  [1mSELECT  "lists".* FROM "lists" WHERE "lists"."id" = ? LIMIT 1[0m  [["id", 3]]
  Rendered lists/show.html.erb within layouts/application (4.9ms)
Completed 500 Internal Server Error in 19ms (ActiveRecord: 0.2ms)

SyntaxError (/Users/hyojeong/Development/code/todo-mvc-lv/app/views/lists/show.html.erb:44: syntax error, unexpected keyword_ensure, expecting keyword_end
/Users/hyojeong/Development/code/todo-mvc-lv/app/views/lists/show.html.erb:46: syntax error, unexpected end-of-input, expecting keyword_end):
  app/views/lists/show.html.erb:44: syntax error, unexpected keyword_ensure, expecting keyword_end
  app/views/lists/show.html.erb:46: syntax error, unexpected end-of-input, expecting keyword_end


  Rendered /Users/hyojeong/.rvm/gems/ruby-2.3.0/gems/actionpack-4.2.5.1/lib/action_dispatch/middleware/templates/rescues/_source.erb (8.2ms)
  Rendered /Users/hyojeong/.rvm/gems/ruby-2.3.0/gems/actionpack-4.2.5.1/lib/action_dispatch/middleware/templates/rescues/_trace.html.erb (3.1ms)
  Rendered /Users/hyojeong/.rvm/gems/ruby-2.3.0/gems/actionpack-4.2.5.1/lib/action_dispatch/middleware/templates/rescues/_request_and_response.html.erb (1.0ms)
  Rendered /Users/hyojeong/.rvm/gems/ruby-2.3.0/gems/actionpack-4.2.5.1/lib/action_dispatch/middleware/templates/rescues/diagnostics.html.erb within rescues/layout (100.5ms)
  Rendered /Users/hyojeong/.rvm/gems/ruby-2.3.0/gems/web-console-2.3.0/lib/web_console/templates/_markup.html.erb (0.5ms)
  Rendered /Users/hyojeong/.rvm/gems/ruby-2.3.0/gems/web-console-2.3.0/lib/web_console/templates/_inner_console_markup.html.erb within layouts/inlined_string (0.4ms)
  Rendered /Users/hyojeong/.rvm/gems/ruby-2.3.0/gems/web-console-2.3.0/lib/web_console/templates/_prompt_box_markup.html.erb within layouts/inlined_string (0.4ms)
  Rendered /Users/hyojeong/.rvm/gems/ruby-2.3.0/gems/web-console-2.3.0/lib/web_console/templates/style.css.erb within layouts/inlined_string (0.4ms)
  Rendered /Users/hyojeong/.rvm/gems/ruby-2.3.0/gems/web-console-2.3.0/lib/web_console/templates/console.js.erb within layouts/javascript (77.5ms)
  Rendered /Users/hyojeong/.rvm/gems/ruby-2.3.0/gems/web-console-2.3.0/lib/web_console/templates/main.js.erb within layouts/javascript (0.3ms)
  Rendered /Users/hyojeong/.rvm/gems/ruby-2.3.0/gems/web-console-2.3.0/lib/web_console/templates/error_page.js.erb within layouts/javascript (0.8ms)
  Rendered /Users/hyojeong/.rvm/gems/ruby-2.3.0/gems/web-console-2.3.0/lib/web_console/templates/index.html.erb (182.6ms)


Started GET "/lists/3" for ::1 at 2017-10-03 15:52:20 -0400
Processing by ListsController#show as HTML
  Parameters: {"id"=>"3"}
  [1m[35mList Load (1.3ms)[0m  SELECT  "lists".* FROM "lists" WHERE "lists"."id" = ? LIMIT 1  [["id", 3]]
  [1m[36mItem Load (0.2ms)[0m  [1mSELECT "items".* FROM "items" WHERE "items"."list_id" = ?[0m  [["list_id", 3]]
  Rendered lists/show.html.erb within layouts/application (7.0ms)
Completed 200 OK in 87ms (Views: 81.7ms | ActiveRecord: 1.5ms)


Started GET "/lists/3" for ::1 at 2017-10-03 15:52:33 -0400
Processing by ListsController#show as HTML
  Parameters: {"id"=>"3"}
  [1m[35mList Load (0.2ms)[0m  SELECT  "lists".* FROM "lists" WHERE "lists"."id" = ? LIMIT 1  [["id", 3]]
  [1m[36mItem Load (0.2ms)[0m  [1mSELECT "items".* FROM "items" WHERE "items"."list_id" = ?[0m  [["list_id", 3]]
  Rendered lists/show.html.erb within layouts/application (5.1ms)
Completed 200 OK in 40ms (Views: 36.6ms | ActiveRecord: 0.4ms)


Started POST "/lists/3/items" for ::1 at 2017-10-03 15:53:40 -0400
Processing by ItemsController#create as HTML
  Parameters: {"utf8"=>"✓", "authenticity_token"=>"fyY1PX/YAVOo1l0vybpw8JiLfgDY0BGResTZ3pWtqDaBPHRTUoLAqLuOgOAQefMPgxRkb+8r8wEwiUPcvcSDTQ==", "item"=>{"description"=>"New Item"}, "commit"=>"Create Item", "list_id"=>"3"}
Completed 500 Internal Server Error in 14ms (ActiveRecord: 0.7ms)

RuntimeError (#<Item id: nil, description: "New Item", list_id: nil, created_at: nil, updated_at: nil>):
  app/controllers/items_controller.rb:4:in `create'


  Rendered /Users/hyojeong/.rvm/gems/ruby-2.3.0/gems/actionpack-4.2.5.1/lib/action_dispatch/middleware/templates/rescues/_source.erb (8.0ms)
  Rendered /Users/hyojeong/.rvm/gems/ruby-2.3.0/gems/actionpack-4.2.5.1/lib/action_dispatch/middleware/templates/rescues/_trace.html.erb (2.7ms)
  Rendered /Users/hyojeong/.rvm/gems/ruby-2.3.0/gems/actionpack-4.2.5.1/lib/action_dispatch/middleware/templates/rescues/_request_and_response.html.erb (2.3ms)
  Rendered /Users/hyojeong/.rvm/gems/ruby-2.3.0/gems/actionpack-4.2.5.1/lib/action_dispatch/middleware/templates/rescues/diagnostics.html.erb within rescues/layout (96.6ms)
  Rendered /Users/hyojeong/.rvm/gems/ruby-2.3.0/gems/web-console-2.3.0/lib/web_console/templates/_markup.html.erb (0.6ms)
  Rendered /Users/hyojeong/.rvm/gems/ruby-2.3.0/gems/web-console-2.3.0/lib/web_console/templates/_inner_console_markup.html.erb within layouts/inlined_string (0.4ms)
  Rendered /Users/hyojeong/.rvm/gems/ruby-2.3.0/gems/web-console-2.3.0/lib/web_console/templates/_prompt_box_markup.html.erb within layouts/inlined_string (0.4ms)
  Rendered /Users/hyojeong/.rvm/gems/ruby-2.3.0/gems/web-console-2.3.0/lib/web_console/templates/style.css.erb within layouts/inlined_string (0.7ms)
  Rendered /Users/hyojeong/.rvm/gems/ruby-2.3.0/gems/web-console-2.3.0/lib/web_console/templates/console.js.erb within layouts/javascript (77.3ms)
  Rendered /Users/hyojeong/.rvm/gems/ruby-2.3.0/gems/web-console-2.3.0/lib/web_console/templates/main.js.erb within layouts/javascript (0.5ms)
  Rendered /Users/hyojeong/.rvm/gems/ruby-2.3.0/gems/web-console-2.3.0/lib/web_console/templates/error_page.js.erb within layouts/javascript (0.6ms)
  Rendered /Users/hyojeong/.rvm/gems/ruby-2.3.0/gems/web-console-2.3.0/lib/web_console/templates/index.html.erb (185.9ms)


Started POST "/lists/3/items" for ::1 at 2017-10-03 15:55:17 -0400
Processing by ItemsController#create as HTML
  Parameters: {"utf8"=>"✓", "authenticity_token"=>"fyY1PX/YAVOo1l0vybpw8JiLfgDY0BGResTZ3pWtqDaBPHRTUoLAqLuOgOAQefMPgxRkb+8r8wEwiUPcvcSDTQ==", "item"=>{"description"=>"New Item"}, "commit"=>"Create Item", "list_id"=>"3"}
  [1m[35mList Load (0.7ms)[0m  SELECT  "lists".* FROM "lists" WHERE "lists"."id" = ? LIMIT 1  [["id", 3]]
Completed 500 Internal Server Error in 17ms (ActiveRecord: 1.3ms)

RuntimeError (#<List id: 3, name: "New List", created_at: "2017-10-03 18:43:20", updated_at: "2017-10-03 18:43:20">):
  app/controllers/items_controller.rb:4:in `create'


  Rendered /Users/hyojeong/.rvm/gems/ruby-2.3.0/gems/actionpack-4.2.5.1/lib/action_dispatch/middleware/templates/rescues/_source.erb (11.6ms)
  Rendered /Users/hyojeong/.rvm/gems/ruby-2.3.0/gems/actionpack-4.2.5.1/lib/action_dispatch/middleware/templates/rescues/_trace.html.erb (3.9ms)
  Rendered /Users/hyojeong/.rvm/gems/ruby-2.3.0/gems/actionpack-4.2.5.1/lib/action_dispatch/middleware/templates/rescues/_request_and_response.html.erb (1.6ms)
  Rendered /Users/hyojeong/.rvm/gems/ruby-2.3.0/gems/actionpack-4.2.5.1/lib/action_dispatch/middleware/templates/rescues/diagnostics.html.erb within rescues/layout (105.0ms)
  Rendered /Users/hyojeong/.rvm/gems/ruby-2.3.0/gems/web-console-2.3.0/lib/web_console/templates/_markup.html.erb (0.4ms)
  Rendered /Users/hyojeong/.rvm/gems/ruby-2.3.0/gems/web-console-2.3.0/lib/web_console/templates/_inner_console_markup.html.erb within layouts/inlined_string (0.5ms)
  Rendered /Users/hyojeong/.rvm/gems/ruby-2.3.0/gems/web-console-2.3.0/lib/web_console/templates/_prompt_box_markup.html.erb within layouts/inlined_string (0.5ms)
  Rendered /Users/hyojeong/.rvm/gems/ruby-2.3.0/gems/web-console-2.3.0/lib/web_console/templates/style.css.erb within layouts/inlined_string (0.5ms)
  Rendered /Users/hyojeong/.rvm/gems/ruby-2.3.0/gems/web-console-2.3.0/lib/web_console/templates/console.js.erb within layouts/javascript (84.1ms)
  Rendered /Users/hyojeong/.rvm/gems/ruby-2.3.0/gems/web-console-2.3.0/lib/web_console/templates/main.js.erb within layouts/javascript (0.6ms)
  Rendered /Users/hyojeong/.rvm/gems/ruby-2.3.0/gems/web-console-2.3.0/lib/web_console/templates/error_page.js.erb within layouts/javascript (0.6ms)
  Rendered /Users/hyojeong/.rvm/gems/ruby-2.3.0/gems/web-console-2.3.0/lib/web_console/templates/index.html.erb (180.8ms)


Started GET "/lists/3/items" for ::1 at 2017-10-03 15:56:17 -0400

AbstractController::ActionNotFound (The action 'index' could not be found for ItemsController):
  actionpack (4.2.5.1) lib/abstract_controller/base.rb:132:in `process'
  actionview (4.2.5.1) lib/action_view/rendering.rb:30:in `process'
  actionpack (4.2.5.1) lib/action_controller/metal.rb:196:in `dispatch'
  actionpack (4.2.5.1) lib/action_controller/metal/rack_delegation.rb:13:in `dispatch'
  actionpack (4.2.5.1) lib/action_controller/metal.rb:237:in `block in action'
  actionpack (4.2.5.1) lib/action_dispatch/routing/route_set.rb:74:in `dispatch'
  actionpack (4.2.5.1) lib/action_dispatch/routing/route_set.rb:43:in `serve'
  actionpack (4.2.5.1) lib/action_dispatch/journey/router.rb:43:in `block in serve'
  actionpack (4.2.5.1) lib/action_dispatch/journey/router.rb:30:in `each'
  actionpack (4.2.5.1) lib/action_dispatch/journey/router.rb:30:in `serve'
  actionpack (4.2.5.1) lib/action_dispatch/routing/route_set.rb:815:in `call'
  rack (1.6.4) lib/rack/etag.rb:24:in `call'
  rack (1.6.4) lib/rack/conditionalget.rb:25:in `call'
  rack (1.6.4) lib/rack/head.rb:13:in `call'
  actionpack (4.2.5.1) lib/action_dispatch/middleware/params_parser.rb:27:in `call'
  actionpack (4.2.5.1) lib/action_dispatch/middleware/flash.rb:260:in `call'
  rack (1.6.4) lib/rack/session/abstract/id.rb:225:in `context'
  rack (1.6.4) lib/rack/session/abstract/id.rb:220:in `call'
  actionpack (4.2.5.1) lib/action_dispatch/middleware/cookies.rb:560:in `call'
  activerecord (4.2.5.1) lib/active_record/query_cache.rb:36:in `call'
  activerecord (4.2.5.1) lib/active_record/connection_adapters/abstract/connection_pool.rb:653:in `call'
  activerecord (4.2.5.1) lib/active_record/migration.rb:377:in `call'
  actionpack (4.2.5.1) lib/action_dispatch/middleware/callbacks.rb:29:in `block in call'
  activesupport (4.2.5.1) lib/active_support/callbacks.rb:88:in `__run_callbacks__'
  activesupport (4.2.5.1) lib/active_support/callbacks.rb:778:in `_run_call_callbacks'
  activesupport (4.2.5.1) lib/active_support/callbacks.rb:81:in `run_callbacks'
  actionpack (4.2.5.1) lib/action_dispatch/middleware/callbacks.rb:27:in `call'
  actionpack (4.2.5.1) lib/action_dispatch/middleware/reloader.rb:73:in `call'
  actionpack (4.2.5.1) lib/action_dispatch/middleware/remote_ip.rb:78:in `call'
  actionpack (4.2.5.1) lib/action_dispatch/middleware/debug_exceptions.rb:17:in `call'
  web-console (2.3.0) lib/web_console/middleware.rb:28:in `block in call'
  web-console (2.3.0) lib/web_console/middleware.rb:18:in `catch'
  web-console (2.3.0) lib/web_console/middleware.rb:18:in `call'
  actionpack (4.2.5.1) lib/action_dispatch/middleware/show_exceptions.rb:30:in `call'
  railties (4.2.5.1) lib/rails/rack/logger.rb:38:in `call_app'
  railties (4.2.5.1) lib/rails/rack/logger.rb:20:in `block in call'
  activesupport (4.2.5.1) lib/active_support/tagged_logging.rb:68:in `block in tagged'
  activesupport (4.2.5.1) lib/active_support/tagged_logging.rb:26:in `tagged'
  activesupport (4.2.5.1) lib/active_support/tagged_logging.rb:68:in `tagged'
  railties (4.2.5.1) lib/rails/rack/logger.rb:20:in `call'
  actionpack (4.2.5.1) lib/action_dispatch/middleware/request_id.rb:21:in `call'
  rack (1.6.4) lib/rack/methodoverride.rb:22:in `call'
  rack (1.6.4) lib/rack/runtime.rb:18:in `call'
  activesupport (4.2.5.1) lib/active_support/cache/strategy/local_cache_middleware.rb:28:in `call'
  rack (1.6.4) lib/rack/lock.rb:17:in `call'
  actionpack (4.2.5.1) lib/action_dispatch/middleware/static.rb:116:in `call'
  rack (1.6.4) lib/rack/sendfile.rb:113:in `call'
  railties (4.2.5.1) lib/rails/engine.rb:518:in `call'
  railties (4.2.5.1) lib/rails/application.rb:165:in `call'
  rack (1.6.4) lib/rack/lock.rb:17:in `call'
  rack (1.6.4) lib/rack/content_length.rb:15:in `call'
  rack (1.6.4) lib/rack/handler/webrick.rb:88:in `service'
  /Users/hyojeong/.rvm/rubies/ruby-2.3.0/lib/ruby/2.3.0/webrick/httpserver.rb:140:in `service'
  /Users/hyojeong/.rvm/rubies/ruby-2.3.0/lib/ruby/2.3.0/webrick/httpserver.rb:96:in `run'
  /Users/hyojeong/.rvm/rubies/ruby-2.3.0/lib/ruby/2.3.0/webrick/server.rb:296:in `block in start_thread'


  Rendered /Users/hyojeong/.rvm/gems/ruby-2.3.0/gems/actionpack-4.2.5.1/lib/action_dispatch/middleware/templates/rescues/unknown_action.html.erb within rescues/layout (0.6ms)
  Rendered /Users/hyojeong/.rvm/gems/ruby-2.3.0/gems/web-console-2.3.0/lib/web_console/templates/_markup.html.erb (0.8ms)
  Rendered /Users/hyojeong/.rvm/gems/ruby-2.3.0/gems/web-console-2.3.0/lib/web_console/templates/_inner_console_markup.html.erb within layouts/inlined_string (0.4ms)
  Rendered /Users/hyojeong/.rvm/gems/ruby-2.3.0/gems/web-console-2.3.0/lib/web_console/templates/_prompt_box_markup.html.erb within layouts/inlined_string (0.4ms)
  Rendered /Users/hyojeong/.rvm/gems/ruby-2.3.0/gems/web-console-2.3.0/lib/web_console/templates/style.css.erb within layouts/inlined_string (0.7ms)
  Rendered /Users/hyojeong/.rvm/gems/ruby-2.3.0/gems/web-console-2.3.0/lib/web_console/templates/console.js.erb within layouts/javascript (85.3ms)
  Rendered /Users/hyojeong/.rvm/gems/ruby-2.3.0/gems/web-console-2.3.0/lib/web_console/templates/main.js.erb within layouts/javascript (0.4ms)
  Rendered /Users/hyojeong/.rvm/gems/ruby-2.3.0/gems/web-console-2.3.0/lib/web_console/templates/error_page.js.erb within layouts/javascript (0.9ms)
  Rendered /Users/hyojeong/.rvm/gems/ruby-2.3.0/gems/web-console-2.3.0/lib/web_console/templates/index.html.erb (187.7ms)


Started GET "/lists/3" for ::1 at 2017-10-03 15:56:23 -0400
Processing by ListsController#show as HTML
  Parameters: {"id"=>"3"}
  [1m[36mList Load (0.3ms)[0m  [1mSELECT  "lists".* FROM "lists" WHERE "lists"."id" = ? LIMIT 1[0m  [["id", 3]]
  [1m[35mItem Load (0.7ms)[0m  SELECT "items".* FROM "items" WHERE "items"."list_id" = ?  [["list_id", 3]]
  Rendered lists/show.html.erb within layouts/application (4.5ms)
Completed 200 OK in 73ms (Views: 39.9ms | ActiveRecord: 2.4ms)


Started POST "/lists/3/items" for ::1 at 2017-10-03 15:56:28 -0400
Processing by ItemsController#create as HTML
  Parameters: {"utf8"=>"✓", "authenticity_token"=>"krlsC9MosPibz4TMCtymuRO3qiWtCfLenWb1VkfOz4lsoy1l/nJxA4iXWQPTHyVGCCiwSpryEE7XK29Ub6fk8g==", "item"=>{"description"=>"milk"}, "commit"=>"Create Item", "list_id"=>"3"}
  [1m[36mList Load (0.1ms)[0m  [1mSELECT  "lists".* FROM "lists" WHERE "lists"."id" = ? LIMIT 1[0m  [["id", 3]]
  [1m[35m (0.1ms)[0m  begin transaction
  [1m[36mSQL (1.1ms)[0m  [1mINSERT INTO "items" ("description", "list_id", "created_at", "updated_at") VALUES (?, ?, ?, ?)[0m  [["description", "milk"], ["list_id", 3], ["created_at", "2017-10-03 19:56:28.026324"], ["updated_at", "2017-10-03 19:56:28.026324"]]
  [1m[35m (2.2ms)[0m  commit transaction
Redirected to http://localhost:3000/lists/3
Completed 302 Found in 10ms (ActiveRecord: 3.5ms)


Started GET "/lists/3" for ::1 at 2017-10-03 15:56:28 -0400
Processing by ListsController#show as HTML
  Parameters: {"id"=>"3"}
  [1m[36mList Load (0.2ms)[0m  [1mSELECT  "lists".* FROM "lists" WHERE "lists"."id" = ? LIMIT 1[0m  [["id", 3]]
  [1m[35mItem Load (0.2ms)[0m  SELECT "items".* FROM "items" WHERE "items"."list_id" = ?  [["list_id", 3]]
  Rendered lists/show.html.erb within layouts/application (3.4ms)
Completed 200 OK in 43ms (Views: 38.5ms | ActiveRecord: 0.5ms)


Started POST "/lists/3/items" for ::1 at 2017-10-03 15:56:32 -0400
Processing by ItemsController#create as HTML
  Parameters: {"utf8"=>"✓", "authenticity_token"=>"jGE/vz5Rfkmgw2yWAps/eE5AEqZGaSL3EWBMe3LWkkBye37REwu/srObsVnbWLyHVd8IyXGSwGdbLdZ5Wr+5Ow==", "item"=>{"description"=>"cookies"}, "commit"=>"Create Item", "list_id"=>"3"}
  [1m[36mList Load (0.2ms)[0m  [1mSELECT  "lists".* FROM "lists" WHERE "lists"."id" = ? LIMIT 1[0m  [["id", 3]]
  [1m[35m (0.1ms)[0m  begin transaction
  [1m[36mSQL (0.5ms)[0m  [1mINSERT INTO "items" ("description", "list_id", "created_at", "updated_at") VALUES (?, ?, ?, ?)[0m  [["description", "cookies"], ["list_id", 3], ["created_at", "2017-10-03 19:56:32.097891"], ["updated_at", "2017-10-03 19:56:32.097891"]]
  [1m[35m (1.2ms)[0m  commit transaction
Redirected to http://localhost:3000/lists/3
Completed 302 Found in 7ms (ActiveRecord: 1.9ms)


Started GET "/lists/3" for ::1 at 2017-10-03 15:56:32 -0400
Processing by ListsController#show as HTML
  Parameters: {"id"=>"3"}
  [1m[36mList Load (1.0ms)[0m  [1mSELECT  "lists".* FROM "lists" WHERE "lists"."id" = ? LIMIT 1[0m  [["id", 3]]
  [1m[35mItem Load (0.2ms)[0m  SELECT "items".* FROM "items" WHERE "items"."list_id" = ?  [["list_id", 3]]
  Rendered lists/show.html.erb within layouts/application (3.5ms)
Completed 200 OK in 34ms (Views: 29.6ms | ActiveRecord: 1.2ms)


Started GET "/lists" for ::1 at 2017-10-03 15:59:14 -0400
Processing by ListsController#index as HTML
  [1m[36mList Load (1.1ms)[0m  [1mSELECT "lists".* FROM "lists"[0m
  Rendered lists/index.html.erb within layouts/application (24.2ms)
Completed 200 OK in 212ms (Views: 191.4ms | ActiveRecord: 1.1ms)


Started GET "/lists/1" for ::1 at 2017-10-03 15:59:16 -0400
Processing by ListsController#show as HTML
  Parameters: {"id"=>"1"}
  [1m[35mList Load (0.2ms)[0m  SELECT  "lists".* FROM "lists" WHERE "lists"."id" = ? LIMIT 1  [["id", 1]]
  [1m[36mItem Load (0.2ms)[0m  [1mSELECT "items".* FROM "items" WHERE "items"."list_id" = ?[0m  [["list_id", 1]]
  Rendered lists/show.html.erb within layouts/application (6.1ms)
Completed 200 OK in 61ms (Views: 55.2ms | ActiveRecord: 0.4ms)


Started POST "/lists/1/items" for ::1 at 2017-10-03 15:59:19 -0400
Processing by ItemsController#create as HTML
  Parameters: {"utf8"=>"✓", "authenticity_token"=>"BaRgVAzWX+gywnQmQqP+MBhupJzDMQDg8tQrNqP6SS37viE6IYyeEyGaqembYH3PA/G+8/TK4nC4mbE0i5NiVg==", "item"=>{"description"=>"Hello"}, "commit"=>"Create Item", "list_id"=>"1"}
  [1m[35mList Load (0.2ms)[0m  SELECT  "lists".* FROM "lists" WHERE "lists"."id" = ? LIMIT 1  [["id", 1]]
  [1m[36m (0.2ms)[0m  [1mbegin transaction[0m
  [1m[35mSQL (0.7ms)[0m  INSERT INTO "items" ("description", "list_id", "created_at", "updated_at") VALUES (?, ?, ?, ?)  [["description", "Hello"], ["list_id", 1], ["created_at", "2017-10-03 19:59:19.141066"], ["updated_at", "2017-10-03 19:59:19.141066"]]
  [1m[36m (3.2ms)[0m  [1mcommit transaction[0m
Redirected to http://localhost:3000/lists/1
Completed 302 Found in 15ms (ActiveRecord: 4.3ms)


Started GET "/lists/1" for ::1 at 2017-10-03 15:59:19 -0400
Processing by ListsController#show as HTML
  Parameters: {"id"=>"1"}
  [1m[35mList Load (0.2ms)[0m  SELECT  "lists".* FROM "lists" WHERE "lists"."id" = ? LIMIT 1  [["id", 1]]
  [1m[36mItem Load (0.1ms)[0m  [1mSELECT "items".* FROM "items" WHERE "items"."list_id" = ?[0m  [["list_id", 1]]
  Rendered lists/show.html.erb within layouts/application (2.2ms)
Completed 200 OK in 43ms (Views: 39.0ms | ActiveRecord: 0.4ms)


Started GET "/lists" for ::1 at 2017-10-03 17:05:01 -0400
Processing by ListsController#index as HTML
  [1m[35mList Load (0.3ms)[0m  SELECT "lists".* FROM "lists"
  Rendered lists/index.html.erb within layouts/application (7.9ms)
Completed 200 OK in 87ms (Views: 62.9ms | ActiveRecord: 1.6ms)


Started POST "/lists" for ::1 at 2017-10-03 17:05:04 -0400
Processing by ListsController#create as HTML
  Parameters: {"utf8"=>"✓", "authenticity_token"=>"n1A10VVVuJf47iO1oMsrTt/gBGcx2Yk0CbG0xnpUGeVhSnS/eA95bOu2/np5CKixxH8eCAYia6RD/C7EUj0yng==", "list"=>{"name"=>""}, "commit"=>"Create List"}
  [1m[36m (0.1ms)[0m  [1mbegin transaction[0m
  [1m[35m (0.1ms)[0m  rollback transaction
  [1m[36mList Load (0.3ms)[0m  [1mSELECT "lists".* FROM "lists"[0m
  Rendered lists/index.html.erb within layouts/application (5.1ms)
Completed 200 OK in 53ms (Views: 46.0ms | ActiveRecord: 0.5ms)


Started POST "/lists" for ::1 at 2017-10-03 17:10:39 -0400
Processing by ListsController#create as HTML
  Parameters: {"utf8"=>"✓", "authenticity_token"=>"I3Sh7l+E1kyo+YnQ5vnBKzVvUTVVGosJjArZKyD8fF7dbuCAct4Xt7uhVB8/OkLULvBLWmLhaZnGR0MpCJVXJQ==", "list"=>{"name"=>""}, "commit"=>"Create List"}
  [1m[35m (0.2ms)[0m  begin transaction
  [1m[36m (0.6ms)[0m  [1mrollback transaction[0m
  Rendered lists/index.html.erb within layouts/application (6.8ms)
Completed 500 Internal Server Error in 76ms (ActiveRecord: 2.4ms)

SyntaxError (/Users/hyojeong/Development/code/todo-mvc-lv/app/views/lists/index.html.erb:8: syntax error, unexpected '=', expecting =>
...s => "new-todo", :placeholder =? "Lists must have a name..."...
...                               ^):
  app/views/lists/index.html.erb:8: syntax error, unexpected '=', expecting =>
  app/controllers/lists_controller.rb:29:in `create'


  Rendered /Users/hyojeong/.rvm/gems/ruby-2.3.0/gems/actionpack-4.2.5.1/lib/action_dispatch/middleware/templates/rescues/_source.erb (11.0ms)
  Rendered /Users/hyojeong/.rvm/gems/ruby-2.3.0/gems/actionpack-4.2.5.1/lib/action_dispatch/middleware/templates/rescues/_trace.html.erb (11.4ms)
  Rendered /Users/hyojeong/.rvm/gems/ruby-2.3.0/gems/actionpack-4.2.5.1/lib/action_dispatch/middleware/templates/rescues/_request_and_response.html.erb (3.0ms)
  Rendered /Users/hyojeong/.rvm/gems/ruby-2.3.0/gems/actionpack-4.2.5.1/lib/action_dispatch/middleware/templates/rescues/diagnostics.html.erb within rescues/layout (116.2ms)
  Rendered /Users/hyojeong/.rvm/gems/ruby-2.3.0/gems/web-console-2.3.0/lib/web_console/templates/_markup.html.erb (1.2ms)
  Rendered /Users/hyojeong/.rvm/gems/ruby-2.3.0/gems/web-console-2.3.0/lib/web_console/templates/_inner_console_markup.html.erb within layouts/inlined_string (0.4ms)
  Rendered /Users/hyojeong/.rvm/gems/ruby-2.3.0/gems/web-console-2.3.0/lib/web_console/templates/_prompt_box_markup.html.erb within layouts/inlined_string (0.4ms)
  Rendered /Users/hyojeong/.rvm/gems/ruby-2.3.0/gems/web-console-2.3.0/lib/web_console/templates/style.css.erb within layouts/inlined_string (1.2ms)
  Rendered /Users/hyojeong/.rvm/gems/ruby-2.3.0/gems/web-console-2.3.0/lib/web_console/templates/console.js.erb within layouts/javascript (101.3ms)
  Rendered /Users/hyojeong/.rvm/gems/ruby-2.3.0/gems/web-console-2.3.0/lib/web_console/templates/main.js.erb within layouts/javascript (0.4ms)
  Rendered /Users/hyojeong/.rvm/gems/ruby-2.3.0/gems/web-console-2.3.0/lib/web_console/templates/error_page.js.erb within layouts/javascript (1.2ms)
  Rendered /Users/hyojeong/.rvm/gems/ruby-2.3.0/gems/web-console-2.3.0/lib/web_console/templates/index.html.erb (221.6ms)


Started POST "/lists" for ::1 at 2017-10-03 17:11:04 -0400
Processing by ListsController#create as HTML
  Parameters: {"utf8"=>"✓", "authenticity_token"=>"I3Sh7l+E1kyo+YnQ5vnBKzVvUTVVGosJjArZKyD8fF7dbuCAct4Xt7uhVB8/OkLULvBLWmLhaZnGR0MpCJVXJQ==", "list"=>{"name"=>""}, "commit"=>"Create List"}
  [1m[35m (0.1ms)[0m  begin transaction
  [1m[36m (0.1ms)[0m  [1mrollback transaction[0m
  Rendered lists/index.html.erb within layouts/application (4.6ms)
Completed 500 Internal Server Error in 15ms (ActiveRecord: 0.2ms)

SyntaxError (/Users/hyojeong/Development/code/todo-mvc-lv/app/views/lists/index.html.erb:8: syntax error, unexpected '=', expecting =>
...s => "new-todo", :placeholder =? "Lists must have a name..."...
...                               ^):
  app/views/lists/index.html.erb:8: syntax error, unexpected '=', expecting =>
  app/controllers/lists_controller.rb:29:in `create'


  Rendered /Users/hyojeong/.rvm/gems/ruby-2.3.0/gems/actionpack-4.2.5.1/lib/action_dispatch/middleware/templates/rescues/_source.erb (8.8ms)
  Rendered /Users/hyojeong/.rvm/gems/ruby-2.3.0/gems/actionpack-4.2.5.1/lib/action_dispatch/middleware/templates/rescues/_trace.html.erb (5.4ms)
  Rendered /Users/hyojeong/.rvm/gems/ruby-2.3.0/gems/actionpack-4.2.5.1/lib/action_dispatch/middleware/templates/rescues/_request_and_response.html.erb (1.4ms)
  Rendered /Users/hyojeong/.rvm/gems/ruby-2.3.0/gems/actionpack-4.2.5.1/lib/action_dispatch/middleware/templates/rescues/diagnostics.html.erb within rescues/layout (103.0ms)
  Rendered /Users/hyojeong/.rvm/gems/ruby-2.3.0/gems/web-console-2.3.0/lib/web_console/templates/_markup.html.erb (0.5ms)
  Rendered /Users/hyojeong/.rvm/gems/ruby-2.3.0/gems/web-console-2.3.0/lib/web_console/templates/_inner_console_markup.html.erb within layouts/inlined_string (0.6ms)
  Rendered /Users/hyojeong/.rvm/gems/ruby-2.3.0/gems/web-console-2.3.0/lib/web_console/templates/_prompt_box_markup.html.erb within layouts/inlined_string (0.6ms)
  Rendered /Users/hyojeong/.rvm/gems/ruby-2.3.0/gems/web-console-2.3.0/lib/web_console/templates/style.css.erb within layouts/inlined_string (0.5ms)
  Rendered /Users/hyojeong/.rvm/gems/ruby-2.3.0/gems/web-console-2.3.0/lib/web_console/templates/console.js.erb within layouts/javascript (90.8ms)
  Rendered /Users/hyojeong/.rvm/gems/ruby-2.3.0/gems/web-console-2.3.0/lib/web_console/templates/main.js.erb within layouts/javascript (0.5ms)
  Rendered /Users/hyojeong/.rvm/gems/ruby-2.3.0/gems/web-console-2.3.0/lib/web_console/templates/error_page.js.erb within layouts/javascript (0.6ms)
  Rendered /Users/hyojeong/.rvm/gems/ruby-2.3.0/gems/web-console-2.3.0/lib/web_console/templates/index.html.erb (194.0ms)


Started GET "/lists" for ::1 at 2017-10-03 17:11:07 -0400
Processing by ListsController#index as HTML
  Rendered lists/index.html.erb within layouts/application (2.2ms)
Completed 500 Internal Server Error in 12ms (ActiveRecord: 0.0ms)

SyntaxError (/Users/hyojeong/Development/code/todo-mvc-lv/app/views/lists/index.html.erb:8: syntax error, unexpected '=', expecting =>
...s => "new-todo", :placeholder =? "Lists must have a name..."...
...                               ^):
  app/views/lists/index.html.erb:8: syntax error, unexpected '=', expecting =>


  Rendered /Users/hyojeong/.rvm/gems/ruby-2.3.0/gems/actionpack-4.2.5.1/lib/action_dispatch/middleware/templates/rescues/_source.erb (9.5ms)
  Rendered /Users/hyojeong/.rvm/gems/ruby-2.3.0/gems/actionpack-4.2.5.1/lib/action_dispatch/middleware/templates/rescues/_trace.html.erb (4.2ms)
  Rendered /Users/hyojeong/.rvm/gems/ruby-2.3.0/gems/actionpack-4.2.5.1/lib/action_dispatch/middleware/templates/rescues/_request_and_response.html.erb (1.3ms)
  Rendered /Users/hyojeong/.rvm/gems/ruby-2.3.0/gems/actionpack-4.2.5.1/lib/action_dispatch/middleware/templates/rescues/diagnostics.html.erb within rescues/layout (90.5ms)
  Rendered /Users/hyojeong/.rvm/gems/ruby-2.3.0/gems/web-console-2.3.0/lib/web_console/templates/_markup.html.erb (0.9ms)
  Rendered /Users/hyojeong/.rvm/gems/ruby-2.3.0/gems/web-console-2.3.0/lib/web_console/templates/_inner_console_markup.html.erb within layouts/inlined_string (0.4ms)
  Rendered /Users/hyojeong/.rvm/gems/ruby-2.3.0/gems/web-console-2.3.0/lib/web_console/templates/_prompt_box_markup.html.erb within layouts/inlined_string (0.4ms)
  Rendered /Users/hyojeong/.rvm/gems/ruby-2.3.0/gems/web-console-2.3.0/lib/web_console/templates/style.css.erb within layouts/inlined_string (0.5ms)
  Rendered /Users/hyojeong/.rvm/gems/ruby-2.3.0/gems/web-console-2.3.0/lib/web_console/templates/console.js.erb within layouts/javascript (81.7ms)
  Rendered /Users/hyojeong/.rvm/gems/ruby-2.3.0/gems/web-console-2.3.0/lib/web_console/templates/main.js.erb within layouts/javascript (0.4ms)
  Rendered /Users/hyojeong/.rvm/gems/ruby-2.3.0/gems/web-console-2.3.0/lib/web_console/templates/error_page.js.erb within layouts/javascript (0.7ms)
  Rendered /Users/hyojeong/.rvm/gems/ruby-2.3.0/gems/web-console-2.3.0/lib/web_console/templates/index.html.erb (188.0ms)


Started GET "/lists" for ::1 at 2017-10-03 17:11:11 -0400
Processing by ListsController#index as HTML
  Rendered lists/index.html.erb within layouts/application (1.7ms)
Completed 500 Internal Server Error in 12ms (ActiveRecord: 0.0ms)

SyntaxError (/Users/hyojeong/Development/code/todo-mvc-lv/app/views/lists/index.html.erb:8: syntax error, unexpected '=', expecting =>
...s => "new-todo", :placeholder =? "Lists must have a name..."...
...                               ^):
  app/views/lists/index.html.erb:8: syntax error, unexpected '=', expecting =>


  Rendered /Users/hyojeong/.rvm/gems/ruby-2.3.0/gems/actionpack-4.2.5.1/lib/action_dispatch/middleware/templates/rescues/_source.erb (9.1ms)
  Rendered /Users/hyojeong/.rvm/gems/ruby-2.3.0/gems/actionpack-4.2.5.1/lib/action_dispatch/middleware/templates/rescues/_trace.html.erb (4.4ms)
  Rendered /Users/hyojeong/.rvm/gems/ruby-2.3.0/gems/actionpack-4.2.5.1/lib/action_dispatch/middleware/templates/rescues/_request_and_response.html.erb (1.1ms)
  Rendered /Users/hyojeong/.rvm/gems/ruby-2.3.0/gems/actionpack-4.2.5.1/lib/action_dispatch/middleware/templates/rescues/diagnostics.html.erb within rescues/layout (90.2ms)
  Rendered /Users/hyojeong/.rvm/gems/ruby-2.3.0/gems/web-console-2.3.0/lib/web_console/templates/_markup.html.erb (1.3ms)
  Rendered /Users/hyojeong/.rvm/gems/ruby-2.3.0/gems/web-console-2.3.0/lib/web_console/templates/_inner_console_markup.html.erb within layouts/inlined_string (0.4ms)
  Rendered /Users/hyojeong/.rvm/gems/ruby-2.3.0/gems/web-console-2.3.0/lib/web_console/templates/_prompt_box_markup.html.erb within layouts/inlined_string (0.4ms)
  Rendered /Users/hyojeong/.rvm/gems/ruby-2.3.0/gems/web-console-2.3.0/lib/web_console/templates/style.css.erb within layouts/inlined_string (0.5ms)
  Rendered /Users/hyojeong/.rvm/gems/ruby-2.3.0/gems/web-console-2.3.0/lib/web_console/templates/console.js.erb within layouts/javascript (86.4ms)
  Rendered /Users/hyojeong/.rvm/gems/ruby-2.3.0/gems/web-console-2.3.0/lib/web_console/templates/main.js.erb within layouts/javascript (0.8ms)
  Rendered /Users/hyojeong/.rvm/gems/ruby-2.3.0/gems/web-console-2.3.0/lib/web_console/templates/error_page.js.erb within layouts/javascript (0.6ms)
  Rendered /Users/hyojeong/.rvm/gems/ruby-2.3.0/gems/web-console-2.3.0/lib/web_console/templates/index.html.erb (228.0ms)


Started GET "/lists" for ::1 at 2017-10-03 17:11:20 -0400
Processing by ListsController#index as HTML
  Rendered lists/index.html.erb within layouts/application (2.6ms)
Completed 500 Internal Server Error in 12ms (ActiveRecord: 0.0ms)

SyntaxError (/Users/hyojeong/Development/code/todo-mvc-lv/app/views/lists/index.html.erb:8: syntax error, unexpected '=', expecting =>
...s => "new-todo", :placeholder =? "Lists must have a name..."...
...                               ^):
  app/views/lists/index.html.erb:8: syntax error, unexpected '=', expecting =>


  Rendered /Users/hyojeong/.rvm/gems/ruby-2.3.0/gems/actionpack-4.2.5.1/lib/action_dispatch/middleware/templates/rescues/_source.erb (9.6ms)
  Rendered /Users/hyojeong/.rvm/gems/ruby-2.3.0/gems/actionpack-4.2.5.1/lib/action_dispatch/middleware/templates/rescues/_trace.html.erb (13.6ms)
  Rendered /Users/hyojeong/.rvm/gems/ruby-2.3.0/gems/actionpack-4.2.5.1/lib/action_dispatch/middleware/templates/rescues/_request_and_response.html.erb (1.0ms)
  Rendered /Users/hyojeong/.rvm/gems/ruby-2.3.0/gems/actionpack-4.2.5.1/lib/action_dispatch/middleware/templates/rescues/diagnostics.html.erb within rescues/layout (120.2ms)
  Rendered /Users/hyojeong/.rvm/gems/ruby-2.3.0/gems/web-console-2.3.0/lib/web_console/templates/_markup.html.erb (0.5ms)
  Rendered /Users/hyojeong/.rvm/gems/ruby-2.3.0/gems/web-console-2.3.0/lib/web_console/templates/_inner_console_markup.html.erb within layouts/inlined_string (0.4ms)
  Rendered /Users/hyojeong/.rvm/gems/ruby-2.3.0/gems/web-console-2.3.0/lib/web_console/templates/_prompt_box_markup.html.erb within layouts/inlined_string (0.4ms)
  Rendered /Users/hyojeong/.rvm/gems/ruby-2.3.0/gems/web-console-2.3.0/lib/web_console/templates/style.css.erb within layouts/inlined_string (0.8ms)
  Rendered /Users/hyojeong/.rvm/gems/ruby-2.3.0/gems/web-console-2.3.0/lib/web_console/templates/console.js.erb within layouts/javascript (73.5ms)
  Rendered /Users/hyojeong/.rvm/gems/ruby-2.3.0/gems/web-console-2.3.0/lib/web_console/templates/main.js.erb within layouts/javascript (0.4ms)
  Rendered /Users/hyojeong/.rvm/gems/ruby-2.3.0/gems/web-console-2.3.0/lib/web_console/templates/error_page.js.erb within layouts/javascript (0.7ms)
  Rendered /Users/hyojeong/.rvm/gems/ruby-2.3.0/gems/web-console-2.3.0/lib/web_console/templates/index.html.erb (170.8ms)


Started GET "/lists" for ::1 at 2017-10-03 17:11:35 -0400
Processing by ListsController#index as HTML
  [1m[35mList Load (0.4ms)[0m  SELECT "lists".* FROM "lists"
  Rendered lists/index.html.erb within layouts/application (6.7ms)
Completed 200 OK in 51ms (Views: 49.1ms | ActiveRecord: 0.4ms)


Started POST "/lists" for ::1 at 2017-10-03 17:13:31 -0400
Processing by ListsController#create as HTML
  Parameters: {"utf8"=>"✓", "authenticity_token"=>"mbEmiZD4zHA+Tqyrd08Z7pdzQTIUPos1sV9/WeVxBANnq2fnvaINiy0WcWSujJoRjOxbXSPFaaX7EuVbzRgveA==", "list"=>{"name"=>""}, "commit"=>"Create List"}
  [1m[36m (0.8ms)[0m  [1mbegin transaction[0m
  [1m[35m (0.2ms)[0m  rollback transaction
  [1m[36mList Load (0.9ms)[0m  [1mSELECT "lists".* FROM "lists"[0m
  Rendered lists/index.html.erb within layouts/application (14.7ms)
Completed 200 OK in 216ms (Views: 178.1ms | ActiveRecord: 2.0ms)


Started GET "/assets/lists.self-7dc7a138c2b804a92c7c8e3d18fc1e980ef984599de8ab0bf14f765e29119e5d.css?body=1" for ::1 at 2017-10-03 17:13:31 -0400


Started POST "/lists" for ::1 at 2017-10-03 17:16:36 -0400
Processing by ListsController#create as HTML
  Parameters: {"utf8"=>"✓", "authenticity_token"=>"ixtgHG7aOC1khlZpaDT40zBlV0mQ5aPfEs/0T0zOqtJ1ASFyQ4D51nfei6ax93ssK/pNJqceQU9Ygm5NZKeBqQ==", "list"=>{"name"=>""}, "commit"=>"Create List"}
  [1m[35m (1.3ms)[0m  begin transaction
  [1m[36m (0.3ms)[0m  [1mrollback transaction[0m
  Rendered lists/index.html.erb within layouts/application (10.9ms)
Completed 500 Internal Server Error in 59ms (ActiveRecord: 1.6ms)

SyntaxError (/Users/hyojeong/Development/code/todo-mvc-lv/app/views/lists/index.html.erb:51: syntax error, unexpected keyword_ensure, expecting end-of-input):
  app/views/lists/index.html.erb:51: syntax error, unexpected keyword_ensure, expecting end-of-input
  app/controllers/lists_controller.rb:29:in `create'


  Rendered /Users/hyojeong/.rvm/gems/ruby-2.3.0/gems/actionpack-4.2.5.1/lib/action_dispatch/middleware/templates/rescues/_source.erb (9.8ms)
  Rendered /Users/hyojeong/.rvm/gems/ruby-2.3.0/gems/actionpack-4.2.5.1/lib/action_dispatch/middleware/templates/rescues/_trace.html.erb (5.2ms)
  Rendered /Users/hyojeong/.rvm/gems/ruby-2.3.0/gems/actionpack-4.2.5.1/lib/action_dispatch/middleware/templates/rescues/_request_and_response.html.erb (2.2ms)
  Rendered /Users/hyojeong/.rvm/gems/ruby-2.3.0/gems/actionpack-4.2.5.1/lib/action_dispatch/middleware/templates/rescues/diagnostics.html.erb within rescues/layout (100.6ms)
  Rendered /Users/hyojeong/.rvm/gems/ruby-2.3.0/gems/web-console-2.3.0/lib/web_console/templates/_markup.html.erb (0.9ms)
  Rendered /Users/hyojeong/.rvm/gems/ruby-2.3.0/gems/web-console-2.3.0/lib/web_console/templates/_inner_console_markup.html.erb within layouts/inlined_string (0.8ms)
  Rendered /Users/hyojeong/.rvm/gems/ruby-2.3.0/gems/web-console-2.3.0/lib/web_console/templates/_prompt_box_markup.html.erb within layouts/inlined_string (0.8ms)
  Rendered /Users/hyojeong/.rvm/gems/ruby-2.3.0/gems/web-console-2.3.0/lib/web_console/templates/style.css.erb within layouts/inlined_string (0.6ms)
  Rendered /Users/hyojeong/.rvm/gems/ruby-2.3.0/gems/web-console-2.3.0/lib/web_console/templates/console.js.erb within layouts/javascript (81.9ms)
  Rendered /Users/hyojeong/.rvm/gems/ruby-2.3.0/gems/web-console-2.3.0/lib/web_console/templates/main.js.erb within layouts/javascript (0.6ms)
  Rendered /Users/hyojeong/.rvm/gems/ruby-2.3.0/gems/web-console-2.3.0/lib/web_console/templates/error_page.js.erb within layouts/javascript (1.1ms)
  Rendered /Users/hyojeong/.rvm/gems/ruby-2.3.0/gems/web-console-2.3.0/lib/web_console/templates/index.html.erb (186.3ms)


Started GET "/lists" for ::1 at 2017-10-03 17:17:00 -0400
Processing by ListsController#index as HTML
  Rendered lists/index.html.erb within layouts/application (21.1ms)
Completed 500 Internal Server Error in 30ms (ActiveRecord: 0.0ms)

ActionView::Template::Error (#<ActiveModel::Errors:0x007fbe5900a720 @base=#<List id: nil, name: nil, created_at: nil, updated_at: nil>, @messages={}>):
    2: <section class="todoapp">
    3:   <header class="header">
    4:     <h1>Your Lists</h1>
    5:     <!-- <% raise @list.errors.inspect %> to check error message -->
    6:     <!-- 1. Generate text_field for new list name
    7:     <%#= form_for(@list) do |f| %>
    8:       <%#= f.text_field :name, :class => "new-todo" %>
  app/views/lists/index.html.erb:5:in `_app_views_lists_index_html_erb___4182986663730082948_70227756849240'


  Rendered /Users/hyojeong/.rvm/gems/ruby-2.3.0/gems/actionpack-4.2.5.1/lib/action_dispatch/middleware/templates/rescues/_source.erb (9.7ms)
  Rendered /Users/hyojeong/.rvm/gems/ruby-2.3.0/gems/actionpack-4.2.5.1/lib/action_dispatch/middleware/templates/rescues/_trace.html.erb (4.7ms)
  Rendered /Users/hyojeong/.rvm/gems/ruby-2.3.0/gems/actionpack-4.2.5.1/lib/action_dispatch/middleware/templates/rescues/_request_and_response.html.erb (1.1ms)
  Rendered /Users/hyojeong/.rvm/gems/ruby-2.3.0/gems/actionpack-4.2.5.1/lib/action_dispatch/middleware/templates/rescues/template_error.html.erb within rescues/layout (98.1ms)
  Rendered /Users/hyojeong/.rvm/gems/ruby-2.3.0/gems/web-console-2.3.0/lib/web_console/templates/_markup.html.erb (0.7ms)
  Rendered /Users/hyojeong/.rvm/gems/ruby-2.3.0/gems/web-console-2.3.0/lib/web_console/templates/_inner_console_markup.html.erb within layouts/inlined_string (0.5ms)
  Rendered /Users/hyojeong/.rvm/gems/ruby-2.3.0/gems/web-console-2.3.0/lib/web_console/templates/_prompt_box_markup.html.erb within layouts/inlined_string (0.8ms)
  Rendered /Users/hyojeong/.rvm/gems/ruby-2.3.0/gems/web-console-2.3.0/lib/web_console/templates/style.css.erb within layouts/inlined_string (0.9ms)
  Rendered /Users/hyojeong/.rvm/gems/ruby-2.3.0/gems/web-console-2.3.0/lib/web_console/templates/console.js.erb within layouts/javascript (98.7ms)
  Rendered /Users/hyojeong/.rvm/gems/ruby-2.3.0/gems/web-console-2.3.0/lib/web_console/templates/main.js.erb within layouts/javascript (0.6ms)
  Rendered /Users/hyojeong/.rvm/gems/ruby-2.3.0/gems/web-console-2.3.0/lib/web_console/templates/error_page.js.erb within layouts/javascript (1.0ms)
  Rendered /Users/hyojeong/.rvm/gems/ruby-2.3.0/gems/web-console-2.3.0/lib/web_console/templates/index.html.erb (281.1ms)


Started GET "/lists" for ::1 at 2017-10-03 17:17:10 -0400
Processing by ListsController#index as HTML
  [1m[35mList Load (0.6ms)[0m  SELECT "lists".* FROM "lists"
  Rendered lists/index.html.erb within layouts/application (14.1ms)
Completed 200 OK in 68ms (Views: 66.6ms | ActiveRecord: 0.6ms)


Started POST "/lists" for ::1 at 2017-10-03 17:21:52 -0400
Processing by ListsController#create as HTML
  Parameters: {"utf8"=>"✓", "authenticity_token"=>"Jj3rXMh0Kuq8y5q7XfKvq2j+wp+blKiDvBd4BOWmES7YJ6oy5S7rEa+TR3SEMSxUc2HY8KxvShP2WuIGzc86VQ==", "list"=>{"name"=>""}, "commit"=>"Create List"}
  [1m[36m (1.1ms)[0m  [1mbegin transaction[0m
  [1m[35m (0.2ms)[0m  rollback transaction
  [1m[36mList Load (0.6ms)[0m  [1mSELECT "lists".* FROM "lists"[0m
  Rendered lists/index.html.erb within layouts/application (25.8ms)
Completed 200 OK in 135ms (Views: 92.1ms | ActiveRecord: 1.8ms)


Started GET "/lists" for ::1 at 2017-10-03 17:23:54 -0400
Processing by ListsController#index as HTML
  [1m[35mList Load (0.3ms)[0m  SELECT "lists".* FROM "lists"
  Rendered lists/index.html.erb within layouts/application (8.0ms)
Completed 200 OK in 182ms (Views: 150.6ms | ActiveRecord: 1.5ms)


Started POST "/lists" for ::1 at 2017-10-03 17:23:57 -0400
Processing by ListsController#create as HTML
  Parameters: {"utf8"=>"✓", "authenticity_token"=>"D1OByDDuxRC33Nt3K5Il4zuLgbb9EvFyBggNaAXalLHxScCmHbQE66SEBrjyUaYcIBSb2crpE+JMRZdqLbO/yg==", "list"=>{"name"=>""}, "commit"=>"Create List"}
  [1m[36m (0.2ms)[0m  [1mbegin transaction[0m
  [1m[35m (0.2ms)[0m  rollback transaction
  [1m[36mList Load (0.3ms)[0m  [1mSELECT "lists".* FROM "lists"[0m
  Rendered lists/index.html.erb within layouts/application (14.1ms)
Completed 200 OK in 94ms (Views: 83.7ms | ActiveRecord: 0.6ms)


Started GET "/lists/4" for ::1 at 2017-10-03 17:26:58 -0400
Processing by ListsController#show as HTML
  Parameters: {"id"=>"4"}
  [1m[35mList Load (2.1ms)[0m  SELECT  "lists".* FROM "lists" WHERE "lists"."id" = ? LIMIT 1  [["id", 4]]
  [1m[36mItem Load (0.5ms)[0m  [1mSELECT "items".* FROM "items" WHERE "items"."list_id" = ?[0m  [["list_id", 4]]
  Rendered lists/show.html.erb within layouts/application (14.5ms)
Completed 200 OK in 195ms (Views: 98.9ms | ActiveRecord: 3.1ms)


Started POST "/lists/4/items" for ::1 at 2017-10-03 17:27:00 -0400
Processing by ItemsController#create as HTML
  Parameters: {"utf8"=>"✓", "authenticity_token"=>"aPY4dLKc0wd3yDmaTYrcizSvGJn9b2JBVuRRLf5oQESW7Hkan8YS/GSQ5FWUSV90LzAC9sqUgNEcqcsv1gFrPw==", "item"=>{"description"=>""}, "commit"=>"Create Item", "list_id"=>"4"}
  [1m[35mList Load (1.2ms)[0m  SELECT  "lists".* FROM "lists" WHERE "lists"."id" = ? LIMIT 1  [["id", 4]]
  [1m[36m (0.3ms)[0m  [1mbegin transaction[0m
  [1m[35m (3.1ms)[0m  rollback transaction
  [1m[36mItem Load (0.1ms)[0m  [1mSELECT "items".* FROM "items" WHERE "items"."list_id" = ?[0m  [["list_id", 4]]
  Rendered lists/show.html.erb within layouts/application (5.8ms)
Completed 200 OK in 134ms (Views: 108.7ms | ActiveRecord: 4.7ms)


Started GET "/lists/4/items" for ::1 at 2017-10-03 17:28:33 -0400

AbstractController::ActionNotFound (The action 'index' could not be found for ItemsController):
  actionpack (4.2.5.1) lib/abstract_controller/base.rb:132:in `process'
  actionview (4.2.5.1) lib/action_view/rendering.rb:30:in `process'
  actionpack (4.2.5.1) lib/action_controller/metal.rb:196:in `dispatch'
  actionpack (4.2.5.1) lib/action_controller/metal/rack_delegation.rb:13:in `dispatch'
  actionpack (4.2.5.1) lib/action_controller/metal.rb:237:in `block in action'
  actionpack (4.2.5.1) lib/action_dispatch/routing/route_set.rb:74:in `dispatch'
  actionpack (4.2.5.1) lib/action_dispatch/routing/route_set.rb:43:in `serve'
  actionpack (4.2.5.1) lib/action_dispatch/journey/router.rb:43:in `block in serve'
  actionpack (4.2.5.1) lib/action_dispatch/journey/router.rb:30:in `each'
  actionpack (4.2.5.1) lib/action_dispatch/journey/router.rb:30:in `serve'
  actionpack (4.2.5.1) lib/action_dispatch/routing/route_set.rb:815:in `call'
  rack (1.6.4) lib/rack/etag.rb:24:in `call'
  rack (1.6.4) lib/rack/conditionalget.rb:25:in `call'
  rack (1.6.4) lib/rack/head.rb:13:in `call'
  actionpack (4.2.5.1) lib/action_dispatch/middleware/params_parser.rb:27:in `call'
  actionpack (4.2.5.1) lib/action_dispatch/middleware/flash.rb:260:in `call'
  rack (1.6.4) lib/rack/session/abstract/id.rb:225:in `context'
  rack (1.6.4) lib/rack/session/abstract/id.rb:220:in `call'
  actionpack (4.2.5.1) lib/action_dispatch/middleware/cookies.rb:560:in `call'
  activerecord (4.2.5.1) lib/active_record/query_cache.rb:36:in `call'
  activerecord (4.2.5.1) lib/active_record/connection_adapters/abstract/connection_pool.rb:653:in `call'
  activerecord (4.2.5.1) lib/active_record/migration.rb:377:in `call'
  actionpack (4.2.5.1) lib/action_dispatch/middleware/callbacks.rb:29:in `block in call'
  activesupport (4.2.5.1) lib/active_support/callbacks.rb:88:in `__run_callbacks__'
  activesupport (4.2.5.1) lib/active_support/callbacks.rb:778:in `_run_call_callbacks'
  activesupport (4.2.5.1) lib/active_support/callbacks.rb:81:in `run_callbacks'
  actionpack (4.2.5.1) lib/action_dispatch/middleware/callbacks.rb:27:in `call'
  actionpack (4.2.5.1) lib/action_dispatch/middleware/reloader.rb:73:in `call'
  actionpack (4.2.5.1) lib/action_dispatch/middleware/remote_ip.rb:78:in `call'
  actionpack (4.2.5.1) lib/action_dispatch/middleware/debug_exceptions.rb:17:in `call'
  web-console (2.3.0) lib/web_console/middleware.rb:28:in `block in call'
  web-console (2.3.0) lib/web_console/middleware.rb:18:in `catch'
  web-console (2.3.0) lib/web_console/middleware.rb:18:in `call'
  actionpack (4.2.5.1) lib/action_dispatch/middleware/show_exceptions.rb:30:in `call'
  railties (4.2.5.1) lib/rails/rack/logger.rb:38:in `call_app'
  railties (4.2.5.1) lib/rails/rack/logger.rb:20:in `block in call'
  activesupport (4.2.5.1) lib/active_support/tagged_logging.rb:68:in `block in tagged'
  activesupport (4.2.5.1) lib/active_support/tagged_logging.rb:26:in `tagged'
  activesupport (4.2.5.1) lib/active_support/tagged_logging.rb:68:in `tagged'
  railties (4.2.5.1) lib/rails/rack/logger.rb:20:in `call'
  actionpack (4.2.5.1) lib/action_dispatch/middleware/request_id.rb:21:in `call'
  rack (1.6.4) lib/rack/methodoverride.rb:22:in `call'
  rack (1.6.4) lib/rack/runtime.rb:18:in `call'
  activesupport (4.2.5.1) lib/active_support/cache/strategy/local_cache_middleware.rb:28:in `call'
  rack (1.6.4) lib/rack/lock.rb:17:in `call'
  actionpack (4.2.5.1) lib/action_dispatch/middleware/static.rb:116:in `call'
  rack (1.6.4) lib/rack/sendfile.rb:113:in `call'
  railties (4.2.5.1) lib/rails/engine.rb:518:in `call'
  railties (4.2.5.1) lib/rails/application.rb:165:in `call'
  rack (1.6.4) lib/rack/lock.rb:17:in `call'
  rack (1.6.4) lib/rack/content_length.rb:15:in `call'
  rack (1.6.4) lib/rack/handler/webrick.rb:88:in `service'
  /Users/hyojeong/.rvm/rubies/ruby-2.3.0/lib/ruby/2.3.0/webrick/httpserver.rb:140:in `service'
  /Users/hyojeong/.rvm/rubies/ruby-2.3.0/lib/ruby/2.3.0/webrick/httpserver.rb:96:in `run'
  /Users/hyojeong/.rvm/rubies/ruby-2.3.0/lib/ruby/2.3.0/webrick/server.rb:296:in `block in start_thread'


  Rendered /Users/hyojeong/.rvm/gems/ruby-2.3.0/gems/actionpack-4.2.5.1/lib/action_dispatch/middleware/templates/rescues/unknown_action.html.erb within rescues/layout (2.8ms)
  Rendered /Users/hyojeong/.rvm/gems/ruby-2.3.0/gems/web-console-2.3.0/lib/web_console/templates/_markup.html.erb (1.5ms)
  Rendered /Users/hyojeong/.rvm/gems/ruby-2.3.0/gems/web-console-2.3.0/lib/web_console/templates/_inner_console_markup.html.erb within layouts/inlined_string (0.9ms)
  Rendered /Users/hyojeong/.rvm/gems/ruby-2.3.0/gems/web-console-2.3.0/lib/web_console/templates/_prompt_box_markup.html.erb within layouts/inlined_string (1.4ms)
  Rendered /Users/hyojeong/.rvm/gems/ruby-2.3.0/gems/web-console-2.3.0/lib/web_console/templates/style.css.erb within layouts/inlined_string (0.5ms)
  Rendered /Users/hyojeong/.rvm/gems/ruby-2.3.0/gems/web-console-2.3.0/lib/web_console/templates/console.js.erb within layouts/javascript (95.2ms)
  Rendered /Users/hyojeong/.rvm/gems/ruby-2.3.0/gems/web-console-2.3.0/lib/web_console/templates/main.js.erb within layouts/javascript (0.8ms)
  Rendered /Users/hyojeong/.rvm/gems/ruby-2.3.0/gems/web-console-2.3.0/lib/web_console/templates/error_page.js.erb within layouts/javascript (0.9ms)
  Rendered /Users/hyojeong/.rvm/gems/ruby-2.3.0/gems/web-console-2.3.0/lib/web_console/templates/index.html.erb (214.7ms)


Started GET "/lists" for ::1 at 2017-10-03 17:31:52 -0400
Processing by ListsController#index as HTML
  [1m[35mList Load (0.8ms)[0m  SELECT "lists".* FROM "lists"
  Rendered lists/index.html.erb within layouts/application (23.1ms)
Completed 200 OK in 113ms (Views: 102.3ms | ActiveRecord: 0.8ms)


Started GET "/lists/4" for ::1 at 2017-10-03 17:31:58 -0400
Processing by ListsController#show as HTML
  Parameters: {"id"=>"4"}
  [1m[36mList Load (0.3ms)[0m  [1mSELECT  "lists".* FROM "lists" WHERE "lists"."id" = ? LIMIT 1[0m  [["id", 4]]
  [1m[35mItem Load (0.3ms)[0m  SELECT "items".* FROM "items" WHERE "items"."list_id" = ?  [["list_id", 4]]
  Rendered lists/show.html.erb within layouts/application (9.4ms)
Completed 200 OK in 76ms (Views: 67.7ms | ActiveRecord: 0.6ms)


Started POST "/lists/4/items" for ::1 at 2017-10-03 17:32:08 -0400
Processing by ItemsController#create as HTML
  Parameters: {"utf8"=>"✓", "authenticity_token"=>"dLB39UH7w86ZyNVQ/WGEjnpoArIP68PCOsmKXNGa/TyKqjabbKECNYqQCJ8kogdxYfcY3TgQIVJwhBBe+fPWRw==", "item"=>{"description"=>""}, "commit"=>"Create Item", "list_id"=>"4"}
  [1m[36mList Load (0.2ms)[0m  [1mSELECT  "lists".* FROM "lists" WHERE "lists"."id" = ? LIMIT 1[0m  [["id", 4]]
  [1m[35m (0.3ms)[0m  begin transaction
  [1m[36m (0.2ms)[0m  [1mrollback transaction[0m
  [1m[35mItem Load (0.2ms)[0m  SELECT "items".* FROM "items" WHERE "items"."list_id" = ?  [["list_id", 4]]
  Rendered lists/show.html.erb within layouts/application (7.7ms)
Completed 200 OK in 126ms (Views: 114.5ms | ActiveRecord: 0.8ms)


Started GET "/lists/4/" for ::1 at 2017-10-03 17:32:47 -0400
Processing by ListsController#show as HTML
  Parameters: {"id"=>"4"}
  [1m[36mList Load (0.2ms)[0m  [1mSELECT  "lists".* FROM "lists" WHERE "lists"."id" = ? LIMIT 1[0m  [["id", 4]]
  [1m[35mItem Load (0.2ms)[0m  SELECT "items".* FROM "items" WHERE "items"."list_id" = ?  [["list_id", 4]]
  Rendered lists/show.html.erb within layouts/application (15.4ms)
Completed 200 OK in 81ms (Views: 74.7ms | ActiveRecord: 0.4ms)


Started POST "/lists/4/items" for ::1 at 2017-10-03 17:32:50 -0400
Processing by ItemsController#create as HTML
  Parameters: {"utf8"=>"✓", "authenticity_token"=>"cm5d1do6OZmjVBYKW5oxoQwPPGZIbXOCmG/bxjMWHZCMdBy792D4YrAMy8WCWbJeF5AmCX+WkRLSIkHEG3826w==", "item"=>{"description"=>""}, "commit"=>"Create Item", "list_id"=>"4"}
  [1m[36mList Load (0.2ms)[0m  [1mSELECT  "lists".* FROM "lists" WHERE "lists"."id" = ? LIMIT 1[0m  [["id", 4]]
  [1m[35m (0.1ms)[0m  begin transaction
  [1m[36m (0.1ms)[0m  [1mrollback transaction[0m
  [1m[35mItem Load (0.2ms)[0m  SELECT "items".* FROM "items" WHERE "items"."list_id" = ?  [["list_id", 4]]
  Rendered lists/show.html.erb within layouts/application (13.2ms)
Completed 200 OK in 84ms (Views: 76.5ms | ActiveRecord: 0.5ms)
